{"type":"SCHEMA","table":"vaults","index_type":"bplustree","order":4,"ts":"2026-04-05T12:20:37.400296+00:00"}
{"type":"SCHEMA","table":"inner_tokens","index_type":"bplustree","order":4,"ts":"2026-04-05T12:20:37.401069+00:00"}
{"type":"SCHEMA","table":"files","index_type":"bplustree","order":4,"ts":"2026-04-05T12:20:37.401719+00:00"}
{"type":"SCHEMA","table":"sessions","index_type":"bplustree","order":4,"ts":"2026-04-05T12:20:37.402428+00:00"}
{"type":"SCHEMA","table":"download_logs","index_type":"bplustree","order":4,"ts":"2026-04-05T12:20:37.403134+00:00"}
{"type":"SCHEMA","table":"expiry_jobs","index_type":"bplustree","order":4,"ts":"2026-04-05T12:20:37.403822+00:00"}
{"type":"SCHEMA","table":"portfolio_entries","index_type":"bplustree","order":4,"ts":"2026-04-05T12:20:37.404418+00:00"}
{"type":"BEGIN","tx_id":"26a1035d-bb37-4c91-acfa-54f08967b7fb","ts":"2026-04-05T12:20:37.404968+00:00"}
{"type":"OP","tx_id":"26a1035d-bb37-4c91-acfa-54f08967b7fb","op":"insert","table":"vaults","key":1,"value":{"outer_token":"I_OUTER","status":"ACTIVE"},"ts":"2026-04-05T12:20:37.405486+00:00"}
{"type":"OP","tx_id":"26a1035d-bb37-4c91-acfa-54f08967b7fb","op":"insert","table":"inner_tokens","key":101,"value":{"vault_id":1,"token_type":"MAIN","token_hash":"i","status":"ACTIVE"},"ts":"2026-04-05T12:20:37.405996+00:00"}
{"type":"OP","tx_id":"26a1035d-bb37-4c91-acfa-54f08967b7fb","op":"insert","table":"files","key":555,"value":{"vault_id":1,"inner_token_id":101,"file_size":1,"status":"ACTIVE","download_count":0,"max_downloads":9999},"ts":"2026-04-05T12:20:37.406513+00:00"}
{"type":"PREPARE","tx_id":"26a1035d-bb37-4c91-acfa-54f08967b7fb","ts":"2026-04-05T12:20:37.407057+00:00"}
{"type":"COMMIT","tx_id":"26a1035d-bb37-4c91-acfa-54f08967b7fb","ts":"2026-04-05T12:20:37.407588+00:00"}
{"type":"BEGIN","tx_id":"dffebb3f-24d7-412f-ae10-8de81022ff50","ts":"2026-04-05T12:20:37.408426+00:00"}
{"type":"OP","tx_id":"dffebb3f-24d7-412f-ae10-8de81022ff50","op":"update","table":"files","key":555,"value":{"vault_id":1,"inner_token_id":101,"file_size":1,"status":"ACTIVE","download_count":1,"max_downloads":9999},"ts":"2026-04-05T12:20:37.409095+00:00"}
{"type":"PREPARE","tx_id":"dffebb3f-24d7-412f-ae10-8de81022ff50","ts":"2026-04-05T12:20:37.409854+00:00"}
{"type":"COMMIT","tx_id":"dffebb3f-24d7-412f-ae10-8de81022ff50","ts":"2026-04-05T12:20:37.410623+00:00"}
{"type":"BEGIN","tx_id":"50f7f0bb-9ee4-4476-b16b-9d067598e2a9","ts":"2026-04-05T12:20:37.411210+00:00"}
{"type":"OP","tx_id":"50f7f0bb-9ee4-4476-b16b-9d067598e2a9","op":"update","table":"files","key":555,"value":{"vault_id":1,"inner_token_id":101,"file_size":1,"status":"ACTIVE","download_count":2,"max_downloads":9999},"ts":"2026-04-05T12:20:37.411771+00:00"}
{"type":"PREPARE","tx_id":"50f7f0bb-9ee4-4476-b16b-9d067598e2a9","ts":"2026-04-05T12:20:37.412386+00:00"}
{"type":"COMMIT","tx_id":"50f7f0bb-9ee4-4476-b16b-9d067598e2a9","ts":"2026-04-05T12:20:37.412972+00:00"}
{"type":"BEGIN","tx_id":"32516ae6-ca99-4cd3-993d-1357d36d3669","ts":"2026-04-05T12:20:37.413546+00:00"}
{"type":"OP","tx_id":"32516ae6-ca99-4cd3-993d-1357d36d3669","op":"update","table":"files","key":555,"value":{"vault_id":1,"inner_token_id":101,"file_size":1,"status":"ACTIVE","download_count":3,"max_downloads":9999},"ts":"2026-04-05T12:20:37.414300+00:00"}
{"type":"PREPARE","tx_id":"32516ae6-ca99-4cd3-993d-1357d36d3669","ts":"2026-04-05T12:20:37.415173+00:00"}
{"type":"COMMIT","tx_id":"32516ae6-ca99-4cd3-993d-1357d36d3669","ts":"2026-04-05T12:20:37.416493+00:00"}
{"type":"BEGIN","tx_id":"c1c86023-ba1e-4327-abd5-d85e843e9613","ts":"2026-04-05T12:20:37.417911+00:00"}
{"type":"OP","tx_id":"c1c86023-ba1e-4327-abd5-d85e843e9613","op":"update","table":"files","key":555,"value":{"vault_id":1,"inner_token_id":101,"file_size":1,"status":"ACTIVE","download_count":4,"max_downloads":9999},"ts":"2026-04-05T12:20:37.418881+00:00"}
{"type":"PREPARE","tx_id":"c1c86023-ba1e-4327-abd5-d85e843e9613","ts":"2026-04-05T12:20:37.419518+00:00"}
{"type":"COMMIT","tx_id":"c1c86023-ba1e-4327-abd5-d85e843e9613","ts":"2026-04-05T12:20:37.420077+00:00"}
{"type":"BEGIN","tx_id":"6cce0703-a37f-45f2-a9a7-fc5d75ae751a","ts":"2026-04-05T12:20:37.420897+00:00"}
{"type":"OP","tx_id":"6cce0703-a37f-45f2-a9a7-fc5d75ae751a","op":"update","table":"files","key":555,"value":{"vault_id":1,"inner_token_id":101,"file_size":1,"status":"ACTIVE","download_count":5,"max_downloads":9999},"ts":"2026-04-05T12:20:37.421445+00:00"}
{"type":"PREPARE","tx_id":"6cce0703-a37f-45f2-a9a7-fc5d75ae751a","ts":"2026-04-05T12:20:37.422194+00:00"}
{"type":"COMMIT","tx_id":"6cce0703-a37f-45f2-a9a7-fc5d75ae751a","ts":"2026-04-05T12:20:37.422720+00:00"}
{"type":"BEGIN","tx_id":"a56c5f1d-90bd-46e6-aa81-eb58aaae2aba","ts":"2026-04-05T12:20:37.423278+00:00"}
{"type":"OP","tx_id":"a56c5f1d-90bd-46e6-aa81-eb58aaae2aba","op":"update","table":"files","key":555,"value":{"vault_id":1,"inner_token_id":101,"file_size":1,"status":"ACTIVE","download_count":6,"max_downloads":9999},"ts":"2026-04-05T12:20:37.423853+00:00"}
{"type":"PREPARE","tx_id":"a56c5f1d-90bd-46e6-aa81-eb58aaae2aba","ts":"2026-04-05T12:20:37.424676+00:00"}
{"type":"COMMIT","tx_id":"a56c5f1d-90bd-46e6-aa81-eb58aaae2aba","ts":"2026-04-05T12:20:37.425219+00:00"}
{"type":"BEGIN","tx_id":"2b2541c1-63fc-428a-9399-4de6bfe5a7f8","ts":"2026-04-05T12:20:37.425819+00:00"}
{"type":"OP","tx_id":"2b2541c1-63fc-428a-9399-4de6bfe5a7f8","op":"update","table":"files","key":555,"value":{"vault_id":1,"inner_token_id":101,"file_size":1,"status":"ACTIVE","download_count":7,"max_downloads":9999},"ts":"2026-04-05T12:20:37.426376+00:00"}
{"type":"PREPARE","tx_id":"2b2541c1-63fc-428a-9399-4de6bfe5a7f8","ts":"2026-04-05T12:20:37.427115+00:00"}
{"type":"COMMIT","tx_id":"2b2541c1-63fc-428a-9399-4de6bfe5a7f8","ts":"2026-04-05T12:20:37.427678+00:00"}
{"type":"BEGIN","tx_id":"f17bf258-4427-4168-8a57-176b7a2d15fc","ts":"2026-04-05T12:20:37.428254+00:00"}
{"type":"OP","tx_id":"f17bf258-4427-4168-8a57-176b7a2d15fc","op":"update","table":"files","key":555,"value":{"vault_id":1,"inner_token_id":101,"file_size":1,"status":"ACTIVE","download_count":8,"max_downloads":9999},"ts":"2026-04-05T12:20:37.428799+00:00"}
{"type":"PREPARE","tx_id":"f17bf258-4427-4168-8a57-176b7a2d15fc","ts":"2026-04-05T12:20:37.429403+00:00"}
{"type":"COMMIT","tx_id":"f17bf258-4427-4168-8a57-176b7a2d15fc","ts":"2026-04-05T12:20:37.429939+00:00"}
{"type":"BEGIN","tx_id":"521ac9d8-4b5a-4374-8692-a921eb3427ec","ts":"2026-04-05T12:20:37.430462+00:00"}
{"type":"OP","tx_id":"521ac9d8-4b5a-4374-8692-a921eb3427ec","op":"update","table":"files","key":555,"value":{"vault_id":1,"inner_token_id":101,"file_size":1,"status":"ACTIVE","download_count":9,"max_downloads":9999},"ts":"2026-04-05T12:20:37.431374+00:00"}
{"type":"PREPARE","tx_id":"521ac9d8-4b5a-4374-8692-a921eb3427ec","ts":"2026-04-05T12:20:37.432856+00:00"}
{"type":"COMMIT","tx_id":"521ac9d8-4b5a-4374-8692-a921eb3427ec","ts":"2026-04-05T12:20:37.433625+00:00"}
{"type":"BEGIN","tx_id":"f06b493b-0208-4b09-9429-b02f9d9534f2","ts":"2026-04-05T12:20:37.434739+00:00"}
{"type":"OP","tx_id":"f06b493b-0208-4b09-9429-b02f9d9534f2","op":"update","table":"files","key":555,"value":{"vault_id":1,"inner_token_id":101,"file_size":1,"status":"ACTIVE","download_count":10,"max_downloads":9999},"ts":"2026-04-05T12:20:37.435738+00:00"}
{"type":"PREPARE","tx_id":"f06b493b-0208-4b09-9429-b02f9d9534f2","ts":"2026-04-05T12:20:37.436325+00:00"}
{"type":"COMMIT","tx_id":"f06b493b-0208-4b09-9429-b02f9d9534f2","ts":"2026-04-05T12:20:37.436885+00:00"}
{"type":"BEGIN","tx_id":"cff9c8c6-728e-4c14-96e9-d32e5825fd83","ts":"2026-04-05T12:20:37.437462+00:00"}
{"type":"OP","tx_id":"cff9c8c6-728e-4c14-96e9-d32e5825fd83","op":"update","table":"files","key":555,"value":{"vault_id":1,"inner_token_id":101,"file_size":1,"status":"ACTIVE","download_count":11,"max_downloads":9999},"ts":"2026-04-05T12:20:37.438020+00:00"}
{"type":"PREPARE","tx_id":"cff9c8c6-728e-4c14-96e9-d32e5825fd83","ts":"2026-04-05T12:20:37.438547+00:00"}
{"type":"COMMIT","tx_id":"cff9c8c6-728e-4c14-96e9-d32e5825fd83","ts":"2026-04-05T12:20:37.439402+00:00"}
{"type":"BEGIN","tx_id":"aab2ae9d-1979-4ec3-b29b-6022110e906e","ts":"2026-04-05T12:20:37.440284+00:00"}
{"type":"OP","tx_id":"aab2ae9d-1979-4ec3-b29b-6022110e906e","op":"update","table":"files","key":555,"value":{"vault_id":1,"inner_token_id":101,"file_size":1,"status":"ACTIVE","download_count":12,"max_downloads":9999},"ts":"2026-04-05T12:20:37.441158+00:00"}
{"type":"PREPARE","tx_id":"aab2ae9d-1979-4ec3-b29b-6022110e906e","ts":"2026-04-05T12:20:37.442075+00:00"}
{"type":"COMMIT","tx_id":"aab2ae9d-1979-4ec3-b29b-6022110e906e","ts":"2026-04-05T12:20:37.442574+00:00"}
{"type":"BEGIN","tx_id":"ed8fd399-c23e-4d22-83e2-7db85173025d","ts":"2026-04-05T12:20:37.443176+00:00"}
{"type":"OP","tx_id":"ed8fd399-c23e-4d22-83e2-7db85173025d","op":"update","table":"files","key":555,"value":{"vault_id":1,"inner_token_id":101,"file_size":1,"status":"ACTIVE","download_count":13,"max_downloads":9999},"ts":"2026-04-05T12:20:37.443937+00:00"}
{"type":"PREPARE","tx_id":"ed8fd399-c23e-4d22-83e2-7db85173025d","ts":"2026-04-05T12:20:37.444506+00:00"}
{"type":"COMMIT","tx_id":"ed8fd399-c23e-4d22-83e2-7db85173025d","ts":"2026-04-05T12:20:37.445056+00:00"}
{"type":"BEGIN","tx_id":"db5ccc38-33b0-4c1a-a2e4-db9f325e20dc","ts":"2026-04-05T12:20:37.445619+00:00"}
{"type":"OP","tx_id":"db5ccc38-33b0-4c1a-a2e4-db9f325e20dc","op":"update","table":"files","key":555,"value":{"vault_id":1,"inner_token_id":101,"file_size":1,"status":"ACTIVE","download_count":14,"max_downloads":9999},"ts":"2026-04-05T12:20:37.446215+00:00"}
{"type":"PREPARE","tx_id":"db5ccc38-33b0-4c1a-a2e4-db9f325e20dc","ts":"2026-04-05T12:20:37.446748+00:00"}
{"type":"COMMIT","tx_id":"db5ccc38-33b0-4c1a-a2e4-db9f325e20dc","ts":"2026-04-05T12:20:37.447657+00:00"}
{"type":"BEGIN","tx_id":"268c8909-0f8d-4bca-8586-86774c01238d","ts":"2026-04-05T12:20:37.448723+00:00"}
{"type":"OP","tx_id":"268c8909-0f8d-4bca-8586-86774c01238d","op":"update","table":"files","key":555,"value":{"vault_id":1,"inner_token_id":101,"file_size":1,"status":"ACTIVE","download_count":15,"max_downloads":9999},"ts":"2026-04-05T12:20:37.449588+00:00"}
{"type":"PREPARE","tx_id":"268c8909-0f8d-4bca-8586-86774c01238d","ts":"2026-04-05T12:20:37.450504+00:00"}
{"type":"COMMIT","tx_id":"268c8909-0f8d-4bca-8586-86774c01238d","ts":"2026-04-05T12:20:37.451613+00:00"}
{"type":"BEGIN","tx_id":"416682b8-8028-4b1a-91a2-81f9fe093804","ts":"2026-04-05T12:20:37.452364+00:00"}
{"type":"OP","tx_id":"416682b8-8028-4b1a-91a2-81f9fe093804","op":"update","table":"files","key":555,"value":{"vault_id":1,"inner_token_id":101,"file_size":1,"status":"ACTIVE","download_count":16,"max_downloads":9999},"ts":"2026-04-05T12:20:37.452923+00:00"}
{"type":"PREPARE","tx_id":"416682b8-8028-4b1a-91a2-81f9fe093804","ts":"2026-04-05T12:20:37.453479+00:00"}
{"type":"COMMIT","tx_id":"416682b8-8028-4b1a-91a2-81f9fe093804","ts":"2026-04-05T12:20:37.454033+00:00"}
{"type":"BEGIN","tx_id":"06b7a399-6301-45b1-b9a4-a7aa47cefc5c","ts":"2026-04-05T12:20:37.454631+00:00"}
{"type":"OP","tx_id":"06b7a399-6301-45b1-b9a4-a7aa47cefc5c","op":"update","table":"files","key":555,"value":{"vault_id":1,"inner_token_id":101,"file_size":1,"status":"ACTIVE","download_count":17,"max_downloads":9999},"ts":"2026-04-05T12:20:37.455219+00:00"}
{"type":"PREPARE","tx_id":"06b7a399-6301-45b1-b9a4-a7aa47cefc5c","ts":"2026-04-05T12:20:37.455821+00:00"}
{"type":"COMMIT","tx_id":"06b7a399-6301-45b1-b9a4-a7aa47cefc5c","ts":"2026-04-05T12:20:37.456400+00:00"}
{"type":"BEGIN","tx_id":"4850e8dd-89a7-4f5c-a03c-bebea1df7f3f","ts":"2026-04-05T12:20:37.456992+00:00"}
{"type":"OP","tx_id":"4850e8dd-89a7-4f5c-a03c-bebea1df7f3f","op":"update","table":"files","key":555,"value":{"vault_id":1,"inner_token_id":101,"file_size":1,"status":"ACTIVE","download_count":18,"max_downloads":9999},"ts":"2026-04-05T12:20:37.457563+00:00"}
{"type":"PREPARE","tx_id":"4850e8dd-89a7-4f5c-a03c-bebea1df7f3f","ts":"2026-04-05T12:20:37.458131+00:00"}
{"type":"COMMIT","tx_id":"4850e8dd-89a7-4f5c-a03c-bebea1df7f3f","ts":"2026-04-05T12:20:37.458683+00:00"}
{"type":"BEGIN","tx_id":"6256eea2-6cc2-4464-bf19-479dfc55ee4e","ts":"2026-04-05T12:20:37.459528+00:00"}
{"type":"OP","tx_id":"6256eea2-6cc2-4464-bf19-479dfc55ee4e","op":"update","table":"files","key":555,"value":{"vault_id":1,"inner_token_id":101,"file_size":1,"status":"ACTIVE","download_count":19,"max_downloads":9999},"ts":"2026-04-05T12:20:37.460122+00:00"}
{"type":"PREPARE","tx_id":"6256eea2-6cc2-4464-bf19-479dfc55ee4e","ts":"2026-04-05T12:20:37.460684+00:00"}
{"type":"COMMIT","tx_id":"6256eea2-6cc2-4464-bf19-479dfc55ee4e","ts":"2026-04-05T12:20:37.461184+00:00"}
{"type":"BEGIN","tx_id":"ce69a76c-726f-4ef6-ac7a-d15d34101adb","ts":"2026-04-05T12:20:37.461767+00:00"}
{"type":"OP","tx_id":"ce69a76c-726f-4ef6-ac7a-d15d34101adb","op":"update","table":"files","key":555,"value":{"vault_id":1,"inner_token_id":101,"file_size":1,"status":"ACTIVE","download_count":20,"max_downloads":9999},"ts":"2026-04-05T12:20:37.462332+00:00"}
{"type":"PREPARE","tx_id":"ce69a76c-726f-4ef6-ac7a-d15d34101adb","ts":"2026-04-05T12:20:37.463269+00:00"}
{"type":"COMMIT","tx_id":"ce69a76c-726f-4ef6-ac7a-d15d34101adb","ts":"2026-04-05T12:20:37.464118+00:00"}
{"type":"BEGIN","tx_id":"bdec2d92-1918-4081-bdf3-c0e0bf9d1a09","ts":"2026-04-05T12:20:37.465105+00:00"}
{"type":"OP","tx_id":"bdec2d92-1918-4081-bdf3-c0e0bf9d1a09","op":"update","table":"files","key":555,"value":{"vault_id":1,"inner_token_id":101,"file_size":1,"status":"ACTIVE","download_count":21,"max_downloads":9999},"ts":"2026-04-05T12:20:37.465931+00:00"}
{"type":"PREPARE","tx_id":"bdec2d92-1918-4081-bdf3-c0e0bf9d1a09","ts":"2026-04-05T12:20:37.466865+00:00"}
{"type":"COMMIT","tx_id":"bdec2d92-1918-4081-bdf3-c0e0bf9d1a09","ts":"2026-04-05T12:20:37.468482+00:00"}
{"type":"BEGIN","tx_id":"282c70db-db1a-4435-b970-a15043a126c3","ts":"2026-04-05T12:20:37.469247+00:00"}
{"type":"OP","tx_id":"282c70db-db1a-4435-b970-a15043a126c3","op":"update","table":"files","key":555,"value":{"vault_id":1,"inner_token_id":101,"file_size":1,"status":"ACTIVE","download_count":22,"max_downloads":9999},"ts":"2026-04-05T12:20:37.469879+00:00"}
{"type":"PREPARE","tx_id":"282c70db-db1a-4435-b970-a15043a126c3","ts":"2026-04-05T12:20:37.470432+00:00"}
{"type":"COMMIT","tx_id":"282c70db-db1a-4435-b970-a15043a126c3","ts":"2026-04-05T12:20:37.470999+00:00"}
{"type":"BEGIN","tx_id":"149ca818-1159-48f8-bff2-37bc12960fb8","ts":"2026-04-05T12:20:37.471789+00:00"}
{"type":"OP","tx_id":"149ca818-1159-48f8-bff2-37bc12960fb8","op":"update","table":"files","key":555,"value":{"vault_id":1,"inner_token_id":101,"file_size":1,"status":"ACTIVE","download_count":23,"max_downloads":9999},"ts":"2026-04-05T12:20:37.472354+00:00"}
{"type":"PREPARE","tx_id":"149ca818-1159-48f8-bff2-37bc12960fb8","ts":"2026-04-05T12:20:37.472939+00:00"}
{"type":"COMMIT","tx_id":"149ca818-1159-48f8-bff2-37bc12960fb8","ts":"2026-04-05T12:20:37.473468+00:00"}
{"type":"BEGIN","tx_id":"a5f16060-108d-4e42-8527-70802ca79c20","ts":"2026-04-05T12:20:37.473983+00:00"}
{"type":"OP","tx_id":"a5f16060-108d-4e42-8527-70802ca79c20","op":"update","table":"files","key":555,"value":{"vault_id":1,"inner_token_id":101,"file_size":1,"status":"ACTIVE","download_count":24,"max_downloads":9999},"ts":"2026-04-05T12:20:37.474478+00:00"}
{"type":"PREPARE","tx_id":"a5f16060-108d-4e42-8527-70802ca79c20","ts":"2026-04-05T12:20:37.475225+00:00"}
{"type":"COMMIT","tx_id":"a5f16060-108d-4e42-8527-70802ca79c20","ts":"2026-04-05T12:20:37.475932+00:00"}
{"type":"BEGIN","tx_id":"52ca3344-ad68-4064-a9be-2bffc119fe2f","ts":"2026-04-05T12:20:37.476502+00:00"}
{"type":"OP","tx_id":"52ca3344-ad68-4064-a9be-2bffc119fe2f","op":"update","table":"files","key":555,"value":{"vault_id":1,"inner_token_id":101,"file_size":1,"status":"ACTIVE","download_count":25,"max_downloads":9999},"ts":"2026-04-05T12:20:37.477040+00:00"}
{"type":"PREPARE","tx_id":"52ca3344-ad68-4064-a9be-2bffc119fe2f","ts":"2026-04-05T12:20:37.477625+00:00"}
{"type":"COMMIT","tx_id":"52ca3344-ad68-4064-a9be-2bffc119fe2f","ts":"2026-04-05T12:20:37.478150+00:00"}
{"type":"BEGIN","tx_id":"7b9a0c44-2023-41a5-b635-5ef774c7d720","ts":"2026-04-05T12:20:37.478759+00:00"}
{"type":"OP","tx_id":"7b9a0c44-2023-41a5-b635-5ef774c7d720","op":"update","table":"files","key":555,"value":{"vault_id":1,"inner_token_id":101,"file_size":1,"status":"ACTIVE","download_count":26,"max_downloads":9999},"ts":"2026-04-05T12:20:37.479532+00:00"}
{"type":"PREPARE","tx_id":"7b9a0c44-2023-41a5-b635-5ef774c7d720","ts":"2026-04-05T12:20:37.480160+00:00"}
{"type":"COMMIT","tx_id":"7b9a0c44-2023-41a5-b635-5ef774c7d720","ts":"2026-04-05T12:20:37.481873+00:00"}
{"type":"BEGIN","tx_id":"4d7a2f25-0f19-4274-9a5e-e21ac4c67106","ts":"2026-04-05T12:20:37.482721+00:00"}
{"type":"OP","tx_id":"4d7a2f25-0f19-4274-9a5e-e21ac4c67106","op":"update","table":"files","key":555,"value":{"vault_id":1,"inner_token_id":101,"file_size":1,"status":"ACTIVE","download_count":27,"max_downloads":9999},"ts":"2026-04-05T12:20:37.483851+00:00"}
{"type":"PREPARE","tx_id":"4d7a2f25-0f19-4274-9a5e-e21ac4c67106","ts":"2026-04-05T12:20:37.484580+00:00"}
{"type":"COMMIT","tx_id":"4d7a2f25-0f19-4274-9a5e-e21ac4c67106","ts":"2026-04-05T12:20:37.485616+00:00"}
{"type":"BEGIN","tx_id":"84814aad-120b-4739-bfea-27dcb30d188c","ts":"2026-04-05T12:20:37.486456+00:00"}
{"type":"OP","tx_id":"84814aad-120b-4739-bfea-27dcb30d188c","op":"update","table":"files","key":555,"value":{"vault_id":1,"inner_token_id":101,"file_size":1,"status":"ACTIVE","download_count":28,"max_downloads":9999},"ts":"2026-04-05T12:20:37.487501+00:00"}
{"type":"PREPARE","tx_id":"84814aad-120b-4739-bfea-27dcb30d188c","ts":"2026-04-05T12:20:37.488058+00:00"}
{"type":"COMMIT","tx_id":"84814aad-120b-4739-bfea-27dcb30d188c","ts":"2026-04-05T12:20:37.488611+00:00"}
{"type":"BEGIN","tx_id":"8e11426f-4f5a-4aff-a489-0371d3bb57f3","ts":"2026-04-05T12:20:37.489192+00:00"}
{"type":"OP","tx_id":"8e11426f-4f5a-4aff-a489-0371d3bb57f3","op":"update","table":"files","key":555,"value":{"vault_id":1,"inner_token_id":101,"file_size":1,"status":"ACTIVE","download_count":29,"max_downloads":9999},"ts":"2026-04-05T12:20:37.489768+00:00"}
{"type":"PREPARE","tx_id":"8e11426f-4f5a-4aff-a489-0371d3bb57f3","ts":"2026-04-05T12:20:37.490331+00:00"}
{"type":"COMMIT","tx_id":"8e11426f-4f5a-4aff-a489-0371d3bb57f3","ts":"2026-04-05T12:20:37.490895+00:00"}
{"type":"BEGIN","tx_id":"eb28b235-9aab-41eb-87ae-09ef6146dbb3","ts":"2026-04-05T12:20:37.491439+00:00"}
{"type":"OP","tx_id":"eb28b235-9aab-41eb-87ae-09ef6146dbb3","op":"update","table":"files","key":555,"value":{"vault_id":1,"inner_token_id":101,"file_size":1,"status":"ACTIVE","download_count":30,"max_downloads":9999},"ts":"2026-04-05T12:20:37.492037+00:00"}
{"type":"PREPARE","tx_id":"eb28b235-9aab-41eb-87ae-09ef6146dbb3","ts":"2026-04-05T12:20:37.492806+00:00"}
{"type":"COMMIT","tx_id":"eb28b235-9aab-41eb-87ae-09ef6146dbb3","ts":"2026-04-05T12:20:37.493343+00:00"}
