{"type":"SCHEMA","table":"vaults","index_type":"bplustree","order":4,"ts":"2026-04-05T12:20:36.868267+00:00"}
{"type":"SCHEMA","table":"inner_tokens","index_type":"bplustree","order":4,"ts":"2026-04-05T12:20:36.869271+00:00"}
{"type":"SCHEMA","table":"files","index_type":"bplustree","order":4,"ts":"2026-04-05T12:20:36.870293+00:00"}
{"type":"SCHEMA","table":"sessions","index_type":"bplustree","order":4,"ts":"2026-04-05T12:20:36.870948+00:00"}
{"type":"SCHEMA","table":"download_logs","index_type":"bplustree","order":4,"ts":"2026-04-05T12:20:36.871587+00:00"}
{"type":"SCHEMA","table":"expiry_jobs","index_type":"bplustree","order":4,"ts":"2026-04-05T12:20:36.872252+00:00"}
{"type":"SCHEMA","table":"portfolio_entries","index_type":"bplustree","order":4,"ts":"2026-04-05T12:20:36.872770+00:00"}
{"type":"BEGIN","tx_id":"0e66226f-e21d-41ca-beac-ebe5e6bdd0f2","ts":"2026-04-05T12:20:36.873766+00:00"}
{"type":"OP","tx_id":"0e66226f-e21d-41ca-beac-ebe5e6bdd0f2","op":"insert","table":"vaults","key":1,"value":{"outer_token":"ISO_OUTER","status":"ACTIVE"},"ts":"2026-04-05T12:20:36.874447+00:00"}
{"type":"OP","tx_id":"0e66226f-e21d-41ca-beac-ebe5e6bdd0f2","op":"insert","table":"inner_tokens","key":101,"value":{"vault_id":1,"token_type":"MAIN","token_hash":"iso_hash","status":"ACTIVE"},"ts":"2026-04-05T12:20:36.875213+00:00"}
{"type":"PREPARE","tx_id":"0e66226f-e21d-41ca-beac-ebe5e6bdd0f2","ts":"2026-04-05T12:20:36.875882+00:00"}
{"type":"COMMIT","tx_id":"0e66226f-e21d-41ca-beac-ebe5e6bdd0f2","ts":"2026-04-05T12:20:36.876451+00:00"}
{"type":"BEGIN","tx_id":"32001d4a-b343-436b-b7b0-b0782b94e289","ts":"2026-04-05T12:20:36.877932+00:00"}
{"type":"OP","tx_id":"32001d4a-b343-436b-b7b0-b0782b94e289","op":"insert","table":"files","key":2000,"value":{"vault_id":1,"inner_token_id":101,"file_size":100,"status":"ACTIVE","download_count":0,"max_downloads":1},"ts":"2026-04-05T12:20:36.878641+00:00"}
{"type":"PREPARE","tx_id":"32001d4a-b343-436b-b7b0-b0782b94e289","ts":"2026-04-05T12:20:36.879551+00:00"}
{"type":"COMMIT","tx_id":"32001d4a-b343-436b-b7b0-b0782b94e289","ts":"2026-04-05T12:20:36.880184+00:00"}
{"type":"BEGIN","tx_id":"b0702dfd-5ca3-4541-b195-b458ce5a4f3f","ts":"2026-04-05T12:20:36.880909+00:00"}
{"type":"OP","tx_id":"b0702dfd-5ca3-4541-b195-b458ce5a4f3f","op":"insert","table":"files","key":2001,"value":{"vault_id":1,"inner_token_id":101,"file_size":200,"status":"ACTIVE","download_count":0,"max_downloads":1},"ts":"2026-04-05T12:20:36.881686+00:00"}
{"type":"PREPARE","tx_id":"b0702dfd-5ca3-4541-b195-b458ce5a4f3f","ts":"2026-04-05T12:20:36.882432+00:00"}
{"type":"COMMIT","tx_id":"b0702dfd-5ca3-4541-b195-b458ce5a4f3f","ts":"2026-04-05T12:20:36.883149+00:00"}
{"type":"BEGIN","tx_id":"264b18fa-3da9-4d6b-99ad-e3febf86f15d","ts":"2026-04-05T12:20:36.884104+00:00"}
{"type":"OP","tx_id":"264b18fa-3da9-4d6b-99ad-e3febf86f15d","op":"insert","table":"files","key":2002,"value":{"vault_id":1,"inner_token_id":101,"file_size":300,"status":"ACTIVE","download_count":0,"max_downloads":1},"ts":"2026-04-05T12:20:36.884979+00:00"}
{"type":"PREPARE","tx_id":"264b18fa-3da9-4d6b-99ad-e3febf86f15d","ts":"2026-04-05T12:20:36.885623+00:00"}
{"type":"COMMIT","tx_id":"264b18fa-3da9-4d6b-99ad-e3febf86f15d","ts":"2026-04-05T12:20:36.886142+00:00"}
{"type":"BEGIN","tx_id":"4c780316-9418-41e8-a3ea-cb573de2fe07","ts":"2026-04-05T12:20:36.886704+00:00"}
{"type":"OP","tx_id":"4c780316-9418-41e8-a3ea-cb573de2fe07","op":"insert","table":"files","key":2003,"value":{"vault_id":1,"inner_token_id":101,"file_size":400,"status":"ACTIVE","download_count":0,"max_downloads":1},"ts":"2026-04-05T12:20:36.887331+00:00"}
{"type":"PREPARE","tx_id":"4c780316-9418-41e8-a3ea-cb573de2fe07","ts":"2026-04-05T12:20:36.888039+00:00"}
{"type":"COMMIT","tx_id":"4c780316-9418-41e8-a3ea-cb573de2fe07","ts":"2026-04-05T12:20:36.888673+00:00"}
{"type":"BEGIN","tx_id":"446d05a3-bf4a-4ae4-8f0e-4a7b52fb2c0c","ts":"2026-04-05T12:20:36.889506+00:00"}
{"type":"OP","tx_id":"446d05a3-bf4a-4ae4-8f0e-4a7b52fb2c0c","op":"insert","table":"files","key":2004,"value":{"vault_id":1,"inner_token_id":101,"file_size":500,"status":"ACTIVE","download_count":0,"max_downloads":1},"ts":"2026-04-05T12:20:36.890262+00:00"}
{"type":"PREPARE","tx_id":"446d05a3-bf4a-4ae4-8f0e-4a7b52fb2c0c","ts":"2026-04-05T12:20:36.891303+00:00"}
{"type":"COMMIT","tx_id":"446d05a3-bf4a-4ae4-8f0e-4a7b52fb2c0c","ts":"2026-04-05T12:20:36.891984+00:00"}
{"type":"BEGIN","tx_id":"16a6f400-94b6-455d-8aa1-b83df5605c86","ts":"2026-04-05T12:20:36.892730+00:00"}
{"type":"OP","tx_id":"16a6f400-94b6-455d-8aa1-b83df5605c86","op":"insert","table":"files","key":2005,"value":{"vault_id":1,"inner_token_id":101,"file_size":600,"status":"ACTIVE","download_count":0,"max_downloads":1},"ts":"2026-04-05T12:20:36.893690+00:00"}
{"type":"PREPARE","tx_id":"16a6f400-94b6-455d-8aa1-b83df5605c86","ts":"2026-04-05T12:20:36.894729+00:00"}
{"type":"COMMIT","tx_id":"16a6f400-94b6-455d-8aa1-b83df5605c86","ts":"2026-04-05T12:20:36.895675+00:00"}
{"type":"BEGIN","tx_id":"315303e8-7d05-4458-9b72-5c0c674e451d","ts":"2026-04-05T12:20:36.897342+00:00"}
{"type":"OP","tx_id":"315303e8-7d05-4458-9b72-5c0c674e451d","op":"insert","table":"files","key":2006,"value":{"vault_id":1,"inner_token_id":101,"file_size":700,"status":"ACTIVE","download_count":0,"max_downloads":1},"ts":"2026-04-05T12:20:36.898863+00:00"}
{"type":"PREPARE","tx_id":"315303e8-7d05-4458-9b72-5c0c674e451d","ts":"2026-04-05T12:20:36.899938+00:00"}
{"type":"COMMIT","tx_id":"315303e8-7d05-4458-9b72-5c0c674e451d","ts":"2026-04-05T12:20:36.900883+00:00"}
{"type":"BEGIN","tx_id":"bdddbede-811e-41a9-af31-2ffc6a8255af","ts":"2026-04-05T12:20:36.901842+00:00"}
{"type":"OP","tx_id":"bdddbede-811e-41a9-af31-2ffc6a8255af","op":"insert","table":"files","key":2007,"value":{"vault_id":1,"inner_token_id":101,"file_size":800,"status":"ACTIVE","download_count":0,"max_downloads":1},"ts":"2026-04-05T12:20:36.902632+00:00"}
{"type":"PREPARE","tx_id":"bdddbede-811e-41a9-af31-2ffc6a8255af","ts":"2026-04-05T12:20:36.903323+00:00"}
{"type":"COMMIT","tx_id":"bdddbede-811e-41a9-af31-2ffc6a8255af","ts":"2026-04-05T12:20:36.903978+00:00"}
{"type":"BEGIN","tx_id":"b809d469-f9c1-4189-9152-92b0fed8624d","ts":"2026-04-05T12:20:36.904702+00:00"}
{"type":"OP","tx_id":"b809d469-f9c1-4189-9152-92b0fed8624d","op":"insert","table":"files","key":2008,"value":{"vault_id":1,"inner_token_id":101,"file_size":900,"status":"ACTIVE","download_count":0,"max_downloads":1},"ts":"2026-04-05T12:20:36.905327+00:00"}
{"type":"PREPARE","tx_id":"b809d469-f9c1-4189-9152-92b0fed8624d","ts":"2026-04-05T12:20:36.905896+00:00"}
{"type":"COMMIT","tx_id":"b809d469-f9c1-4189-9152-92b0fed8624d","ts":"2026-04-05T12:20:36.906442+00:00"}
{"type":"BEGIN","tx_id":"4161dffa-e99b-46d4-99cb-25fe030b4453","ts":"2026-04-05T12:20:36.907025+00:00"}
{"type":"OP","tx_id":"4161dffa-e99b-46d4-99cb-25fe030b4453","op":"insert","table":"files","key":2009,"value":{"vault_id":1,"inner_token_id":101,"file_size":1000,"status":"ACTIVE","download_count":0,"max_downloads":1},"ts":"2026-04-05T12:20:36.907775+00:00"}
{"type":"PREPARE","tx_id":"4161dffa-e99b-46d4-99cb-25fe030b4453","ts":"2026-04-05T12:20:36.908389+00:00"}
{"type":"COMMIT","tx_id":"4161dffa-e99b-46d4-99cb-25fe030b4453","ts":"2026-04-05T12:20:36.908892+00:00"}
{"type":"BEGIN","tx_id":"8e87dca5-a175-41ea-bddd-9d34b2e3ebd6","ts":"2026-04-05T12:20:36.909483+00:00"}
{"type":"OP","tx_id":"8e87dca5-a175-41ea-bddd-9d34b2e3ebd6","op":"insert","table":"files","key":2010,"value":{"vault_id":1,"inner_token_id":101,"file_size":1100,"status":"ACTIVE","download_count":0,"max_downloads":1},"ts":"2026-04-05T12:20:36.910030+00:00"}
{"type":"PREPARE","tx_id":"8e87dca5-a175-41ea-bddd-9d34b2e3ebd6","ts":"2026-04-05T12:20:36.910992+00:00"}
{"type":"COMMIT","tx_id":"8e87dca5-a175-41ea-bddd-9d34b2e3ebd6","ts":"2026-04-05T12:20:36.911609+00:00"}
{"type":"BEGIN","tx_id":"da5c4ad9-4250-4f99-a065-0791e8460e77","ts":"2026-04-05T12:20:36.912175+00:00"}
{"type":"OP","tx_id":"da5c4ad9-4250-4f99-a065-0791e8460e77","op":"insert","table":"files","key":2011,"value":{"vault_id":1,"inner_token_id":101,"file_size":1200,"status":"ACTIVE","download_count":0,"max_downloads":1},"ts":"2026-04-05T12:20:36.912811+00:00"}
{"type":"PREPARE","tx_id":"da5c4ad9-4250-4f99-a065-0791e8460e77","ts":"2026-04-05T12:20:36.913439+00:00"}
{"type":"COMMIT","tx_id":"da5c4ad9-4250-4f99-a065-0791e8460e77","ts":"2026-04-05T12:20:36.914056+00:00"}
{"type":"BEGIN","tx_id":"1a990444-8875-4bae-a53e-1886dd7c44d7","ts":"2026-04-05T12:20:36.914947+00:00"}
{"type":"OP","tx_id":"1a990444-8875-4bae-a53e-1886dd7c44d7","op":"insert","table":"files","key":2012,"value":{"vault_id":1,"inner_token_id":101,"file_size":1300,"status":"ACTIVE","download_count":0,"max_downloads":1},"ts":"2026-04-05T12:20:36.915648+00:00"}
{"type":"PREPARE","tx_id":"1a990444-8875-4bae-a53e-1886dd7c44d7","ts":"2026-04-05T12:20:36.916461+00:00"}
{"type":"COMMIT","tx_id":"1a990444-8875-4bae-a53e-1886dd7c44d7","ts":"2026-04-05T12:20:36.917280+00:00"}
{"type":"BEGIN","tx_id":"79b1fade-6c4f-45e0-be74-1063a88515fc","ts":"2026-04-05T12:20:36.918089+00:00"}
{"type":"OP","tx_id":"79b1fade-6c4f-45e0-be74-1063a88515fc","op":"insert","table":"files","key":2013,"value":{"vault_id":1,"inner_token_id":101,"file_size":1400,"status":"ACTIVE","download_count":0,"max_downloads":1},"ts":"2026-04-05T12:20:36.918747+00:00"}
{"type":"PREPARE","tx_id":"79b1fade-6c4f-45e0-be74-1063a88515fc","ts":"2026-04-05T12:20:36.919695+00:00"}
{"type":"COMMIT","tx_id":"79b1fade-6c4f-45e0-be74-1063a88515fc","ts":"2026-04-05T12:20:36.920276+00:00"}
{"type":"BEGIN","tx_id":"7232bf5b-fdc5-4198-8544-0e03aeface86","ts":"2026-04-05T12:20:36.920838+00:00"}
{"type":"OP","tx_id":"7232bf5b-fdc5-4198-8544-0e03aeface86","op":"insert","table":"files","key":2014,"value":{"vault_id":1,"inner_token_id":101,"file_size":1500,"status":"ACTIVE","download_count":0,"max_downloads":1},"ts":"2026-04-05T12:20:36.921405+00:00"}
{"type":"PREPARE","tx_id":"7232bf5b-fdc5-4198-8544-0e03aeface86","ts":"2026-04-05T12:20:36.922549+00:00"}
{"type":"COMMIT","tx_id":"7232bf5b-fdc5-4198-8544-0e03aeface86","ts":"2026-04-05T12:20:36.923058+00:00"}
{"type":"BEGIN","tx_id":"c6d367bd-0278-42bc-b881-060509d6c308","ts":"2026-04-05T12:20:36.923590+00:00"}
{"type":"OP","tx_id":"c6d367bd-0278-42bc-b881-060509d6c308","op":"insert","table":"files","key":2015,"value":{"vault_id":1,"inner_token_id":101,"file_size":1600,"status":"ACTIVE","download_count":0,"max_downloads":1},"ts":"2026-04-05T12:20:36.924130+00:00"}
{"type":"PREPARE","tx_id":"c6d367bd-0278-42bc-b881-060509d6c308","ts":"2026-04-05T12:20:36.924808+00:00"}
{"type":"COMMIT","tx_id":"c6d367bd-0278-42bc-b881-060509d6c308","ts":"2026-04-05T12:20:36.925523+00:00"}
{"type":"BEGIN","tx_id":"74c83194-2c1d-4416-8346-d0d636be8167","ts":"2026-04-05T12:20:36.926108+00:00"}
{"type":"OP","tx_id":"74c83194-2c1d-4416-8346-d0d636be8167","op":"insert","table":"files","key":2016,"value":{"vault_id":1,"inner_token_id":101,"file_size":1700,"status":"ACTIVE","download_count":0,"max_downloads":1},"ts":"2026-04-05T12:20:36.926658+00:00"}
{"type":"PREPARE","tx_id":"74c83194-2c1d-4416-8346-d0d636be8167","ts":"2026-04-05T12:20:36.927716+00:00"}
{"type":"COMMIT","tx_id":"74c83194-2c1d-4416-8346-d0d636be8167","ts":"2026-04-05T12:20:36.928313+00:00"}
{"type":"BEGIN","tx_id":"d832e2a5-128c-4ee4-9000-0af831e02b2e","ts":"2026-04-05T12:20:36.928858+00:00"}
{"type":"OP","tx_id":"d832e2a5-128c-4ee4-9000-0af831e02b2e","op":"insert","table":"files","key":2017,"value":{"vault_id":1,"inner_token_id":101,"file_size":1800,"status":"ACTIVE","download_count":0,"max_downloads":1},"ts":"2026-04-05T12:20:36.929592+00:00"}
{"type":"PREPARE","tx_id":"d832e2a5-128c-4ee4-9000-0af831e02b2e","ts":"2026-04-05T12:20:36.930191+00:00"}
{"type":"COMMIT","tx_id":"d832e2a5-128c-4ee4-9000-0af831e02b2e","ts":"2026-04-05T12:20:36.930767+00:00"}
{"type":"BEGIN","tx_id":"e2abe6a6-acb0-400e-8e6b-d8ebd19587c5","ts":"2026-04-05T12:20:36.931815+00:00"}
{"type":"OP","tx_id":"e2abe6a6-acb0-400e-8e6b-d8ebd19587c5","op":"insert","table":"files","key":2018,"value":{"vault_id":1,"inner_token_id":101,"file_size":1900,"status":"ACTIVE","download_count":0,"max_downloads":1},"ts":"2026-04-05T12:20:36.932751+00:00"}
{"type":"PREPARE","tx_id":"e2abe6a6-acb0-400e-8e6b-d8ebd19587c5","ts":"2026-04-05T12:20:36.933384+00:00"}
{"type":"COMMIT","tx_id":"e2abe6a6-acb0-400e-8e6b-d8ebd19587c5","ts":"2026-04-05T12:20:36.933949+00:00"}
{"type":"BEGIN","tx_id":"b5c9180a-e1ba-4491-91c0-5715bc64aea1","ts":"2026-04-05T12:20:36.934475+00:00"}
{"type":"OP","tx_id":"b5c9180a-e1ba-4491-91c0-5715bc64aea1","op":"insert","table":"files","key":2019,"value":{"vault_id":1,"inner_token_id":101,"file_size":2000,"status":"ACTIVE","download_count":0,"max_downloads":1},"ts":"2026-04-05T12:20:36.935107+00:00"}
{"type":"PREPARE","tx_id":"b5c9180a-e1ba-4491-91c0-5715bc64aea1","ts":"2026-04-05T12:20:36.935998+00:00"}
{"type":"COMMIT","tx_id":"b5c9180a-e1ba-4491-91c0-5715bc64aea1","ts":"2026-04-05T12:20:36.936540+00:00"}
