{"type":"SCHEMA","table":"vaults","index_type":"bplustree","order":4,"ts":"2026-04-05T12:20:36.947638+00:00"}
{"type":"SCHEMA","table":"inner_tokens","index_type":"bplustree","order":4,"ts":"2026-04-05T12:20:36.948195+00:00"}
{"type":"SCHEMA","table":"files","index_type":"bplustree","order":4,"ts":"2026-04-05T12:20:36.948694+00:00"}
{"type":"SCHEMA","table":"sessions","index_type":"bplustree","order":4,"ts":"2026-04-05T12:20:36.949190+00:00"}
{"type":"SCHEMA","table":"download_logs","index_type":"bplustree","order":4,"ts":"2026-04-05T12:20:36.949670+00:00"}
{"type":"SCHEMA","table":"expiry_jobs","index_type":"bplustree","order":4,"ts":"2026-04-05T12:20:36.950125+00:00"}
{"type":"SCHEMA","table":"portfolio_entries","index_type":"bplustree","order":4,"ts":"2026-04-05T12:20:36.950648+00:00"}
{"type":"BEGIN","tx_id":"d2da92c8-a14f-40d5-8b8a-9468e717f4e0","ts":"2026-04-05T12:20:36.951341+00:00"}
{"type":"OP","tx_id":"d2da92c8-a14f-40d5-8b8a-9468e717f4e0","op":"insert","table":"vaults","key":1,"value":{"outer_token":"ISO_OUTER","status":"ACTIVE"},"ts":"2026-04-05T12:20:36.952088+00:00"}
{"type":"OP","tx_id":"d2da92c8-a14f-40d5-8b8a-9468e717f4e0","op":"insert","table":"inner_tokens","key":101,"value":{"vault_id":1,"token_type":"MAIN","token_hash":"iso_hash","status":"ACTIVE"},"ts":"2026-04-05T12:20:36.952645+00:00"}
{"type":"PREPARE","tx_id":"d2da92c8-a14f-40d5-8b8a-9468e717f4e0","ts":"2026-04-05T12:20:36.953217+00:00"}
{"type":"COMMIT","tx_id":"d2da92c8-a14f-40d5-8b8a-9468e717f4e0","ts":"2026-04-05T12:20:36.953749+00:00"}
{"type":"BEGIN","tx_id":"86b0707b-3368-47bd-83a2-4fafaff23ff3","ts":"2026-04-05T12:20:36.954284+00:00"}
{"type":"OP","tx_id":"86b0707b-3368-47bd-83a2-4fafaff23ff3","op":"insert","table":"files","key":555,"value":{"vault_id":1,"inner_token_id":101,"file_size":1,"status":"ACTIVE","download_count":0,"max_downloads":9999},"ts":"2026-04-05T12:20:36.954790+00:00"}
{"type":"PREPARE","tx_id":"86b0707b-3368-47bd-83a2-4fafaff23ff3","ts":"2026-04-05T12:20:36.955311+00:00"}
{"type":"COMMIT","tx_id":"86b0707b-3368-47bd-83a2-4fafaff23ff3","ts":"2026-04-05T12:20:36.955829+00:00"}
{"type":"BEGIN","tx_id":"1b05882b-2ddb-4b60-9337-b37319f2c809","ts":"2026-04-05T12:20:36.956620+00:00"}
{"type":"OP","tx_id":"1b05882b-2ddb-4b60-9337-b37319f2c809","op":"update","table":"files","key":555,"value":{"vault_id":1,"inner_token_id":101,"file_size":1,"status":"ACTIVE","download_count":1,"max_downloads":9999},"ts":"2026-04-05T12:20:36.957366+00:00"}
{"type":"PREPARE","tx_id":"1b05882b-2ddb-4b60-9337-b37319f2c809","ts":"2026-04-05T12:20:36.958185+00:00"}
{"type":"COMMIT","tx_id":"1b05882b-2ddb-4b60-9337-b37319f2c809","ts":"2026-04-05T12:20:36.958792+00:00"}
{"type":"BEGIN","tx_id":"cd369cbb-ecee-4c1d-b613-54cf4bf2ea42","ts":"2026-04-05T12:20:36.959489+00:00"}
{"type":"OP","tx_id":"cd369cbb-ecee-4c1d-b613-54cf4bf2ea42","op":"update","table":"files","key":555,"value":{"vault_id":1,"inner_token_id":101,"file_size":1,"status":"ACTIVE","download_count":2,"max_downloads":9999},"ts":"2026-04-05T12:20:36.960287+00:00"}
{"type":"PREPARE","tx_id":"cd369cbb-ecee-4c1d-b613-54cf4bf2ea42","ts":"2026-04-05T12:20:36.960849+00:00"}
{"type":"COMMIT","tx_id":"cd369cbb-ecee-4c1d-b613-54cf4bf2ea42","ts":"2026-04-05T12:20:36.961405+00:00"}
{"type":"BEGIN","tx_id":"5ffe0986-f0da-4e22-be58-1233456646fc","ts":"2026-04-05T12:20:36.961983+00:00"}
{"type":"OP","tx_id":"5ffe0986-f0da-4e22-be58-1233456646fc","op":"update","table":"files","key":555,"value":{"vault_id":1,"inner_token_id":101,"file_size":1,"status":"ACTIVE","download_count":3,"max_downloads":9999},"ts":"2026-04-05T12:20:36.962520+00:00"}
{"type":"PREPARE","tx_id":"5ffe0986-f0da-4e22-be58-1233456646fc","ts":"2026-04-05T12:20:36.963105+00:00"}
{"type":"COMMIT","tx_id":"5ffe0986-f0da-4e22-be58-1233456646fc","ts":"2026-04-05T12:20:36.963654+00:00"}
{"type":"BEGIN","tx_id":"30589c79-ab9e-4602-8585-e768ba5b7f29","ts":"2026-04-05T12:20:36.964277+00:00"}
{"type":"OP","tx_id":"30589c79-ab9e-4602-8585-e768ba5b7f29","op":"update","table":"files","key":555,"value":{"vault_id":1,"inner_token_id":101,"file_size":1,"status":"ACTIVE","download_count":4,"max_downloads":9999},"ts":"2026-04-05T12:20:36.964889+00:00"}
{"type":"PREPARE","tx_id":"30589c79-ab9e-4602-8585-e768ba5b7f29","ts":"2026-04-05T12:20:36.965542+00:00"}
{"type":"COMMIT","tx_id":"30589c79-ab9e-4602-8585-e768ba5b7f29","ts":"2026-04-05T12:20:36.966112+00:00"}
{"type":"BEGIN","tx_id":"8dd8f6d4-edb2-47e8-ac72-0eaaea89d7ec","ts":"2026-04-05T12:20:36.966962+00:00"}
{"type":"OP","tx_id":"8dd8f6d4-edb2-47e8-ac72-0eaaea89d7ec","op":"update","table":"files","key":555,"value":{"vault_id":1,"inner_token_id":101,"file_size":1,"status":"ACTIVE","download_count":5,"max_downloads":9999},"ts":"2026-04-05T12:20:36.968072+00:00"}
{"type":"PREPARE","tx_id":"8dd8f6d4-edb2-47e8-ac72-0eaaea89d7ec","ts":"2026-04-05T12:20:36.968846+00:00"}
{"type":"COMMIT","tx_id":"8dd8f6d4-edb2-47e8-ac72-0eaaea89d7ec","ts":"2026-04-05T12:20:36.969482+00:00"}
{"type":"BEGIN","tx_id":"6eeab9b4-42e5-489a-aa66-fff84992f911","ts":"2026-04-05T12:20:36.970571+00:00"}
{"type":"OP","tx_id":"6eeab9b4-42e5-489a-aa66-fff84992f911","op":"update","table":"files","key":555,"value":{"vault_id":1,"inner_token_id":101,"file_size":1,"status":"ACTIVE","download_count":6,"max_downloads":9999},"ts":"2026-04-05T12:20:36.971383+00:00"}
{"type":"PREPARE","tx_id":"6eeab9b4-42e5-489a-aa66-fff84992f911","ts":"2026-04-05T12:20:36.972214+00:00"}
{"type":"COMMIT","tx_id":"6eeab9b4-42e5-489a-aa66-fff84992f911","ts":"2026-04-05T12:20:36.973048+00:00"}
{"type":"BEGIN","tx_id":"0f45c098-220c-4faf-a465-a3a94389fd2c","ts":"2026-04-05T12:20:36.973665+00:00"}
{"type":"OP","tx_id":"0f45c098-220c-4faf-a465-a3a94389fd2c","op":"update","table":"files","key":555,"value":{"vault_id":1,"inner_token_id":101,"file_size":1,"status":"ACTIVE","download_count":7,"max_downloads":9999},"ts":"2026-04-05T12:20:36.974243+00:00"}
{"type":"PREPARE","tx_id":"0f45c098-220c-4faf-a465-a3a94389fd2c","ts":"2026-04-05T12:20:36.974975+00:00"}
{"type":"COMMIT","tx_id":"0f45c098-220c-4faf-a465-a3a94389fd2c","ts":"2026-04-05T12:20:36.975489+00:00"}
{"type":"BEGIN","tx_id":"f2f3e009-60e7-4b3c-b67a-1ef9b1bbd4e9","ts":"2026-04-05T12:20:36.976011+00:00"}
{"type":"OP","tx_id":"f2f3e009-60e7-4b3c-b67a-1ef9b1bbd4e9","op":"update","table":"files","key":555,"value":{"vault_id":1,"inner_token_id":101,"file_size":1,"status":"ACTIVE","download_count":8,"max_downloads":9999},"ts":"2026-04-05T12:20:36.976574+00:00"}
{"type":"PREPARE","tx_id":"f2f3e009-60e7-4b3c-b67a-1ef9b1bbd4e9","ts":"2026-04-05T12:20:36.977123+00:00"}
{"type":"COMMIT","tx_id":"f2f3e009-60e7-4b3c-b67a-1ef9b1bbd4e9","ts":"2026-04-05T12:20:36.977705+00:00"}
{"type":"BEGIN","tx_id":"8a7f854d-d3a4-4d23-bbee-a28c4beed30f","ts":"2026-04-05T12:20:36.978229+00:00"}
{"type":"OP","tx_id":"8a7f854d-d3a4-4d23-bbee-a28c4beed30f","op":"update","table":"files","key":555,"value":{"vault_id":1,"inner_token_id":101,"file_size":1,"status":"ACTIVE","download_count":9,"max_downloads":9999},"ts":"2026-04-05T12:20:36.978755+00:00"}
{"type":"PREPARE","tx_id":"8a7f854d-d3a4-4d23-bbee-a28c4beed30f","ts":"2026-04-05T12:20:36.979310+00:00"}
{"type":"COMMIT","tx_id":"8a7f854d-d3a4-4d23-bbee-a28c4beed30f","ts":"2026-04-05T12:20:36.979814+00:00"}
{"type":"BEGIN","tx_id":"1b72496b-c199-47af-a560-03c5196e4a99","ts":"2026-04-05T12:20:36.981048+00:00"}
{"type":"OP","tx_id":"1b72496b-c199-47af-a560-03c5196e4a99","op":"update","table":"files","key":555,"value":{"vault_id":1,"inner_token_id":101,"file_size":1,"status":"ACTIVE","download_count":10,"max_downloads":9999},"ts":"2026-04-05T12:20:36.982242+00:00"}
{"type":"PREPARE","tx_id":"1b72496b-c199-47af-a560-03c5196e4a99","ts":"2026-04-05T12:20:36.983505+00:00"}
{"type":"COMMIT","tx_id":"1b72496b-c199-47af-a560-03c5196e4a99","ts":"2026-04-05T12:20:36.984864+00:00"}
{"type":"BEGIN","tx_id":"695562b3-c30f-4bfc-a023-60f99c96c97f","ts":"2026-04-05T12:20:36.985473+00:00"}
{"type":"OP","tx_id":"695562b3-c30f-4bfc-a023-60f99c96c97f","op":"update","table":"files","key":555,"value":{"vault_id":1,"inner_token_id":101,"file_size":1,"status":"ACTIVE","download_count":11,"max_downloads":9999},"ts":"2026-04-05T12:20:36.986049+00:00"}
{"type":"PREPARE","tx_id":"695562b3-c30f-4bfc-a023-60f99c96c97f","ts":"2026-04-05T12:20:36.986620+00:00"}
{"type":"COMMIT","tx_id":"695562b3-c30f-4bfc-a023-60f99c96c97f","ts":"2026-04-05T12:20:36.987136+00:00"}
{"type":"BEGIN","tx_id":"987a0b51-6d4d-4a92-bbf7-ce9247c173ff","ts":"2026-04-05T12:20:36.987657+00:00"}
{"type":"OP","tx_id":"987a0b51-6d4d-4a92-bbf7-ce9247c173ff","op":"update","table":"files","key":555,"value":{"vault_id":1,"inner_token_id":101,"file_size":1,"status":"ACTIVE","download_count":12,"max_downloads":9999},"ts":"2026-04-05T12:20:36.988195+00:00"}
{"type":"PREPARE","tx_id":"987a0b51-6d4d-4a92-bbf7-ce9247c173ff","ts":"2026-04-05T12:20:36.988726+00:00"}
{"type":"COMMIT","tx_id":"987a0b51-6d4d-4a92-bbf7-ce9247c173ff","ts":"2026-04-05T12:20:36.989216+00:00"}
{"type":"BEGIN","tx_id":"66746339-8812-4da7-9c48-1977a53c5f64","ts":"2026-04-05T12:20:36.989717+00:00"}
{"type":"OP","tx_id":"66746339-8812-4da7-9c48-1977a53c5f64","op":"update","table":"files","key":555,"value":{"vault_id":1,"inner_token_id":101,"file_size":1,"status":"ACTIVE","download_count":13,"max_downloads":9999},"ts":"2026-04-05T12:20:36.990248+00:00"}
{"type":"PREPARE","tx_id":"66746339-8812-4da7-9c48-1977a53c5f64","ts":"2026-04-05T12:20:36.990843+00:00"}
{"type":"COMMIT","tx_id":"66746339-8812-4da7-9c48-1977a53c5f64","ts":"2026-04-05T12:20:36.991350+00:00"}
{"type":"BEGIN","tx_id":"6826f8a9-2e20-4ae1-9122-76bffcdf30fc","ts":"2026-04-05T12:20:36.991852+00:00"}
{"type":"OP","tx_id":"6826f8a9-2e20-4ae1-9122-76bffcdf30fc","op":"update","table":"files","key":555,"value":{"vault_id":1,"inner_token_id":101,"file_size":1,"status":"ACTIVE","download_count":14,"max_downloads":9999},"ts":"2026-04-05T12:20:36.992588+00:00"}
{"type":"PREPARE","tx_id":"6826f8a9-2e20-4ae1-9122-76bffcdf30fc","ts":"2026-04-05T12:20:36.993130+00:00"}
{"type":"COMMIT","tx_id":"6826f8a9-2e20-4ae1-9122-76bffcdf30fc","ts":"2026-04-05T12:20:36.993625+00:00"}
{"type":"BEGIN","tx_id":"6a97fc1b-65f3-46f1-8294-f0e7428c8e10","ts":"2026-04-05T12:20:36.994132+00:00"}
{"type":"OP","tx_id":"6a97fc1b-65f3-46f1-8294-f0e7428c8e10","op":"update","table":"files","key":555,"value":{"vault_id":1,"inner_token_id":101,"file_size":1,"status":"ACTIVE","download_count":15,"max_downloads":9999},"ts":"2026-04-05T12:20:36.994661+00:00"}
{"type":"PREPARE","tx_id":"6a97fc1b-65f3-46f1-8294-f0e7428c8e10","ts":"2026-04-05T12:20:36.995168+00:00"}
{"type":"COMMIT","tx_id":"6a97fc1b-65f3-46f1-8294-f0e7428c8e10","ts":"2026-04-05T12:20:36.995651+00:00"}
{"type":"BEGIN","tx_id":"8ee9bf54-2029-4ef4-b79f-7a6636fc1e3d","ts":"2026-04-05T12:20:36.996399+00:00"}
{"type":"OP","tx_id":"8ee9bf54-2029-4ef4-b79f-7a6636fc1e3d","op":"update","table":"files","key":555,"value":{"vault_id":1,"inner_token_id":101,"file_size":1,"status":"ACTIVE","download_count":16,"max_downloads":9999},"ts":"2026-04-05T12:20:36.996959+00:00"}
{"type":"PREPARE","tx_id":"8ee9bf54-2029-4ef4-b79f-7a6636fc1e3d","ts":"2026-04-05T12:20:36.997572+00:00"}
{"type":"COMMIT","tx_id":"8ee9bf54-2029-4ef4-b79f-7a6636fc1e3d","ts":"2026-04-05T12:20:36.998291+00:00"}
{"type":"BEGIN","tx_id":"ab6c875a-1faf-4e02-ac77-6286c56609fe","ts":"2026-04-05T12:20:36.999058+00:00"}
{"type":"OP","tx_id":"ab6c875a-1faf-4e02-ac77-6286c56609fe","op":"update","table":"files","key":555,"value":{"vault_id":1,"inner_token_id":101,"file_size":1,"status":"ACTIVE","download_count":17,"max_downloads":9999},"ts":"2026-04-05T12:20:36.999825+00:00"}
{"type":"PREPARE","tx_id":"ab6c875a-1faf-4e02-ac77-6286c56609fe","ts":"2026-04-05T12:20:37.000829+00:00"}
{"type":"COMMIT","tx_id":"ab6c875a-1faf-4e02-ac77-6286c56609fe","ts":"2026-04-05T12:20:37.001757+00:00"}
{"type":"BEGIN","tx_id":"8366b86d-add4-473f-9f72-f2f648c9bdc1","ts":"2026-04-05T12:20:37.002551+00:00"}
{"type":"OP","tx_id":"8366b86d-add4-473f-9f72-f2f648c9bdc1","op":"update","table":"files","key":555,"value":{"vault_id":1,"inner_token_id":101,"file_size":1,"status":"ACTIVE","download_count":18,"max_downloads":9999},"ts":"2026-04-05T12:20:37.003107+00:00"}
{"type":"PREPARE","tx_id":"8366b86d-add4-473f-9f72-f2f648c9bdc1","ts":"2026-04-05T12:20:37.003702+00:00"}
{"type":"COMMIT","tx_id":"8366b86d-add4-473f-9f72-f2f648c9bdc1","ts":"2026-04-05T12:20:37.004242+00:00"}
{"type":"BEGIN","tx_id":"bbfd79e7-f760-47b3-8dc7-d45d42bee1f6","ts":"2026-04-05T12:20:37.004790+00:00"}
{"type":"OP","tx_id":"bbfd79e7-f760-47b3-8dc7-d45d42bee1f6","op":"update","table":"files","key":555,"value":{"vault_id":1,"inner_token_id":101,"file_size":1,"status":"ACTIVE","download_count":19,"max_downloads":9999},"ts":"2026-04-05T12:20:37.005526+00:00"}
{"type":"PREPARE","tx_id":"bbfd79e7-f760-47b3-8dc7-d45d42bee1f6","ts":"2026-04-05T12:20:37.006050+00:00"}
{"type":"COMMIT","tx_id":"bbfd79e7-f760-47b3-8dc7-d45d42bee1f6","ts":"2026-04-05T12:20:37.006527+00:00"}
{"type":"BEGIN","tx_id":"3239916e-ed96-4879-82af-653f0376cfc3","ts":"2026-04-05T12:20:37.007048+00:00"}
{"type":"OP","tx_id":"3239916e-ed96-4879-82af-653f0376cfc3","op":"update","table":"files","key":555,"value":{"vault_id":1,"inner_token_id":101,"file_size":1,"status":"ACTIVE","download_count":20,"max_downloads":9999},"ts":"2026-04-05T12:20:37.007582+00:00"}
{"type":"PREPARE","tx_id":"3239916e-ed96-4879-82af-653f0376cfc3","ts":"2026-04-05T12:20:37.008103+00:00"}
{"type":"COMMIT","tx_id":"3239916e-ed96-4879-82af-653f0376cfc3","ts":"2026-04-05T12:20:37.008594+00:00"}
{"type":"BEGIN","tx_id":"22eb2e15-3914-4aca-aabf-09f0416d8510","ts":"2026-04-05T12:20:37.009129+00:00"}
{"type":"OP","tx_id":"22eb2e15-3914-4aca-aabf-09f0416d8510","op":"update","table":"files","key":555,"value":{"vault_id":1,"inner_token_id":101,"file_size":1,"status":"ACTIVE","download_count":21,"max_downloads":9999},"ts":"2026-04-05T12:20:37.009665+00:00"}
{"type":"PREPARE","tx_id":"22eb2e15-3914-4aca-aabf-09f0416d8510","ts":"2026-04-05T12:20:37.010182+00:00"}
{"type":"COMMIT","tx_id":"22eb2e15-3914-4aca-aabf-09f0416d8510","ts":"2026-04-05T12:20:37.010683+00:00"}
{"type":"BEGIN","tx_id":"6100e5c9-3a2e-4448-bd8e-c55622ae8181","ts":"2026-04-05T12:20:37.011183+00:00"}
{"type":"OP","tx_id":"6100e5c9-3a2e-4448-bd8e-c55622ae8181","op":"update","table":"files","key":555,"value":{"vault_id":1,"inner_token_id":101,"file_size":1,"status":"ACTIVE","download_count":22,"max_downloads":9999},"ts":"2026-04-05T12:20:37.011721+00:00"}
{"type":"PREPARE","tx_id":"6100e5c9-3a2e-4448-bd8e-c55622ae8181","ts":"2026-04-05T12:20:37.012261+00:00"}
{"type":"COMMIT","tx_id":"6100e5c9-3a2e-4448-bd8e-c55622ae8181","ts":"2026-04-05T12:20:37.012813+00:00"}
{"type":"BEGIN","tx_id":"44011106-94a1-48de-8570-2565bba08f75","ts":"2026-04-05T12:20:37.013337+00:00"}
{"type":"OP","tx_id":"44011106-94a1-48de-8570-2565bba08f75","op":"update","table":"files","key":555,"value":{"vault_id":1,"inner_token_id":101,"file_size":1,"status":"ACTIVE","download_count":23,"max_downloads":9999},"ts":"2026-04-05T12:20:37.013873+00:00"}
{"type":"PREPARE","tx_id":"44011106-94a1-48de-8570-2565bba08f75","ts":"2026-04-05T12:20:37.014640+00:00"}
{"type":"COMMIT","tx_id":"44011106-94a1-48de-8570-2565bba08f75","ts":"2026-04-05T12:20:37.015152+00:00"}
{"type":"BEGIN","tx_id":"c66bebd3-eecf-44de-a800-0b0904277097","ts":"2026-04-05T12:20:37.015794+00:00"}
{"type":"OP","tx_id":"c66bebd3-eecf-44de-a800-0b0904277097","op":"update","table":"files","key":555,"value":{"vault_id":1,"inner_token_id":101,"file_size":1,"status":"ACTIVE","download_count":24,"max_downloads":9999},"ts":"2026-04-05T12:20:37.016331+00:00"}
{"type":"PREPARE","tx_id":"c66bebd3-eecf-44de-a800-0b0904277097","ts":"2026-04-05T12:20:37.016847+00:00"}
{"type":"COMMIT","tx_id":"c66bebd3-eecf-44de-a800-0b0904277097","ts":"2026-04-05T12:20:37.017341+00:00"}
{"type":"BEGIN","tx_id":"e0ad8de0-3f0d-4f3e-b29b-03638ad8f144","ts":"2026-04-05T12:20:37.017864+00:00"}
{"type":"OP","tx_id":"e0ad8de0-3f0d-4f3e-b29b-03638ad8f144","op":"update","table":"files","key":555,"value":{"vault_id":1,"inner_token_id":101,"file_size":1,"status":"ACTIVE","download_count":25,"max_downloads":9999},"ts":"2026-04-05T12:20:37.018410+00:00"}
{"type":"PREPARE","tx_id":"e0ad8de0-3f0d-4f3e-b29b-03638ad8f144","ts":"2026-04-05T12:20:37.018975+00:00"}
{"type":"COMMIT","tx_id":"e0ad8de0-3f0d-4f3e-b29b-03638ad8f144","ts":"2026-04-05T12:20:37.019870+00:00"}
{"type":"BEGIN","tx_id":"37300a8e-d9e0-4645-9f49-515eaf762c70","ts":"2026-04-05T12:20:37.020836+00:00"}
{"type":"OP","tx_id":"37300a8e-d9e0-4645-9f49-515eaf762c70","op":"update","table":"files","key":555,"value":{"vault_id":1,"inner_token_id":101,"file_size":1,"status":"ACTIVE","download_count":26,"max_downloads":9999},"ts":"2026-04-05T12:20:37.021665+00:00"}
{"type":"PREPARE","tx_id":"37300a8e-d9e0-4645-9f49-515eaf762c70","ts":"2026-04-05T12:20:37.022650+00:00"}
{"type":"COMMIT","tx_id":"37300a8e-d9e0-4645-9f49-515eaf762c70","ts":"2026-04-05T12:20:37.023158+00:00"}
{"type":"BEGIN","tx_id":"7c80049a-0d7e-4fd0-b339-aedd97c3a002","ts":"2026-04-05T12:20:37.023681+00:00"}
{"type":"OP","tx_id":"7c80049a-0d7e-4fd0-b339-aedd97c3a002","op":"update","table":"files","key":555,"value":{"vault_id":1,"inner_token_id":101,"file_size":1,"status":"ACTIVE","download_count":27,"max_downloads":9999},"ts":"2026-04-05T12:20:37.024227+00:00"}
{"type":"PREPARE","tx_id":"7c80049a-0d7e-4fd0-b339-aedd97c3a002","ts":"2026-04-05T12:20:37.024747+00:00"}
{"type":"COMMIT","tx_id":"7c80049a-0d7e-4fd0-b339-aedd97c3a002","ts":"2026-04-05T12:20:37.025239+00:00"}
{"type":"BEGIN","tx_id":"f19faef8-9a90-4fc9-99ab-02ae4d75f8ad","ts":"2026-04-05T12:20:37.025760+00:00"}
{"type":"OP","tx_id":"f19faef8-9a90-4fc9-99ab-02ae4d75f8ad","op":"update","table":"files","key":555,"value":{"vault_id":1,"inner_token_id":101,"file_size":1,"status":"ACTIVE","download_count":28,"max_downloads":9999},"ts":"2026-04-05T12:20:37.026299+00:00"}
{"type":"PREPARE","tx_id":"f19faef8-9a90-4fc9-99ab-02ae4d75f8ad","ts":"2026-04-05T12:20:37.027106+00:00"}
{"type":"COMMIT","tx_id":"f19faef8-9a90-4fc9-99ab-02ae4d75f8ad","ts":"2026-04-05T12:20:37.027916+00:00"}
{"type":"BEGIN","tx_id":"a3687756-892e-4067-9635-8fe1559b49a3","ts":"2026-04-05T12:20:37.028478+00:00"}
{"type":"OP","tx_id":"a3687756-892e-4067-9635-8fe1559b49a3","op":"update","table":"files","key":555,"value":{"vault_id":1,"inner_token_id":101,"file_size":1,"status":"ACTIVE","download_count":29,"max_downloads":9999},"ts":"2026-04-05T12:20:37.029024+00:00"}
{"type":"PREPARE","tx_id":"a3687756-892e-4067-9635-8fe1559b49a3","ts":"2026-04-05T12:20:37.029553+00:00"}
{"type":"COMMIT","tx_id":"a3687756-892e-4067-9635-8fe1559b49a3","ts":"2026-04-05T12:20:37.030087+00:00"}
{"type":"BEGIN","tx_id":"65a4d998-0965-4ec4-b972-94469dce90a5","ts":"2026-04-05T12:20:37.030649+00:00"}
{"type":"OP","tx_id":"65a4d998-0965-4ec4-b972-94469dce90a5","op":"update","table":"files","key":555,"value":{"vault_id":1,"inner_token_id":101,"file_size":1,"status":"ACTIVE","download_count":30,"max_downloads":9999},"ts":"2026-04-05T12:20:37.031198+00:00"}
{"type":"PREPARE","tx_id":"65a4d998-0965-4ec4-b972-94469dce90a5","ts":"2026-04-05T12:20:37.031736+00:00"}
{"type":"COMMIT","tx_id":"65a4d998-0965-4ec4-b972-94469dce90a5","ts":"2026-04-05T12:20:37.032231+00:00"}
{"type":"BEGIN","tx_id":"f14436ec-89e8-4986-adc7-b99ae5328098","ts":"2026-04-05T12:20:37.033050+00:00"}
{"type":"OP","tx_id":"f14436ec-89e8-4986-adc7-b99ae5328098","op":"update","table":"files","key":555,"value":{"vault_id":1,"inner_token_id":101,"file_size":1,"status":"ACTIVE","download_count":31,"max_downloads":9999},"ts":"2026-04-05T12:20:37.033600+00:00"}
{"type":"PREPARE","tx_id":"f14436ec-89e8-4986-adc7-b99ae5328098","ts":"2026-04-05T12:20:37.034113+00:00"}
{"type":"COMMIT","tx_id":"f14436ec-89e8-4986-adc7-b99ae5328098","ts":"2026-04-05T12:20:37.034597+00:00"}
{"type":"BEGIN","tx_id":"3b35b060-362d-4888-a4bc-8e46a79907f9","ts":"2026-04-05T12:20:37.035099+00:00"}
{"type":"OP","tx_id":"3b35b060-362d-4888-a4bc-8e46a79907f9","op":"update","table":"files","key":555,"value":{"vault_id":1,"inner_token_id":101,"file_size":1,"status":"ACTIVE","download_count":32,"max_downloads":9999},"ts":"2026-04-05T12:20:37.035651+00:00"}
{"type":"PREPARE","tx_id":"3b35b060-362d-4888-a4bc-8e46a79907f9","ts":"2026-04-05T12:20:37.036182+00:00"}
{"type":"COMMIT","tx_id":"3b35b060-362d-4888-a4bc-8e46a79907f9","ts":"2026-04-05T12:20:37.036709+00:00"}
{"type":"BEGIN","tx_id":"e252ac3b-618f-404e-8f2a-7b126ff8072e","ts":"2026-04-05T12:20:37.037260+00:00"}
{"type":"OP","tx_id":"e252ac3b-618f-404e-8f2a-7b126ff8072e","op":"update","table":"files","key":555,"value":{"vault_id":1,"inner_token_id":101,"file_size":1,"status":"ACTIVE","download_count":33,"max_downloads":9999},"ts":"2026-04-05T12:20:37.037784+00:00"}
{"type":"PREPARE","tx_id":"e252ac3b-618f-404e-8f2a-7b126ff8072e","ts":"2026-04-05T12:20:37.038323+00:00"}
{"type":"COMMIT","tx_id":"e252ac3b-618f-404e-8f2a-7b126ff8072e","ts":"2026-04-05T12:20:37.038817+00:00"}
{"type":"BEGIN","tx_id":"ef7b5239-dba0-44f2-a6d9-55e2798266c6","ts":"2026-04-05T12:20:37.039308+00:00"}
{"type":"OP","tx_id":"ef7b5239-dba0-44f2-a6d9-55e2798266c6","op":"update","table":"files","key":555,"value":{"vault_id":1,"inner_token_id":101,"file_size":1,"status":"ACTIVE","download_count":34,"max_downloads":9999},"ts":"2026-04-05T12:20:37.039816+00:00"}
{"type":"PREPARE","tx_id":"ef7b5239-dba0-44f2-a6d9-55e2798266c6","ts":"2026-04-05T12:20:37.040358+00:00"}
{"type":"COMMIT","tx_id":"ef7b5239-dba0-44f2-a6d9-55e2798266c6","ts":"2026-04-05T12:20:37.040852+00:00"}
{"type":"BEGIN","tx_id":"266f7f9a-6606-4443-a279-6836ecb6a239","ts":"2026-04-05T12:20:37.041368+00:00"}
{"type":"OP","tx_id":"266f7f9a-6606-4443-a279-6836ecb6a239","op":"update","table":"files","key":555,"value":{"vault_id":1,"inner_token_id":101,"file_size":1,"status":"ACTIVE","download_count":35,"max_downloads":9999},"ts":"2026-04-05T12:20:37.042003+00:00"}
{"type":"PREPARE","tx_id":"266f7f9a-6606-4443-a279-6836ecb6a239","ts":"2026-04-05T12:20:37.042604+00:00"}
{"type":"COMMIT","tx_id":"266f7f9a-6606-4443-a279-6836ecb6a239","ts":"2026-04-05T12:20:37.043134+00:00"}
{"type":"BEGIN","tx_id":"7b5a4636-50b3-4649-9e9f-ee962f608e8f","ts":"2026-04-05T12:20:37.043710+00:00"}
{"type":"OP","tx_id":"7b5a4636-50b3-4649-9e9f-ee962f608e8f","op":"update","table":"files","key":555,"value":{"vault_id":1,"inner_token_id":101,"file_size":1,"status":"ACTIVE","download_count":36,"max_downloads":9999},"ts":"2026-04-05T12:20:37.044238+00:00"}
{"type":"PREPARE","tx_id":"7b5a4636-50b3-4649-9e9f-ee962f608e8f","ts":"2026-04-05T12:20:37.044800+00:00"}
{"type":"COMMIT","tx_id":"7b5a4636-50b3-4649-9e9f-ee962f608e8f","ts":"2026-04-05T12:20:37.045327+00:00"}
{"type":"BEGIN","tx_id":"fce3eb89-f253-42c3-9de4-e4ae86515a36","ts":"2026-04-05T12:20:37.045859+00:00"}
{"type":"OP","tx_id":"fce3eb89-f253-42c3-9de4-e4ae86515a36","op":"update","table":"files","key":555,"value":{"vault_id":1,"inner_token_id":101,"file_size":1,"status":"ACTIVE","download_count":37,"max_downloads":9999},"ts":"2026-04-05T12:20:37.046385+00:00"}
{"type":"PREPARE","tx_id":"fce3eb89-f253-42c3-9de4-e4ae86515a36","ts":"2026-04-05T12:20:37.046930+00:00"}
{"type":"COMMIT","tx_id":"fce3eb89-f253-42c3-9de4-e4ae86515a36","ts":"2026-04-05T12:20:37.047456+00:00"}
{"type":"BEGIN","tx_id":"1df788f2-dbeb-433a-9fcb-900a3fad0693","ts":"2026-04-05T12:20:37.047951+00:00"}
{"type":"OP","tx_id":"1df788f2-dbeb-433a-9fcb-900a3fad0693","op":"update","table":"files","key":555,"value":{"vault_id":1,"inner_token_id":101,"file_size":1,"status":"ACTIVE","download_count":38,"max_downloads":9999},"ts":"2026-04-05T12:20:37.048476+00:00"}
{"type":"PREPARE","tx_id":"1df788f2-dbeb-433a-9fcb-900a3fad0693","ts":"2026-04-05T12:20:37.048981+00:00"}
{"type":"COMMIT","tx_id":"1df788f2-dbeb-433a-9fcb-900a3fad0693","ts":"2026-04-05T12:20:37.049467+00:00"}
{"type":"BEGIN","tx_id":"39cc2129-2b30-4163-9039-b3cd8e48f38c","ts":"2026-04-05T12:20:37.049962+00:00"}
{"type":"OP","tx_id":"39cc2129-2b30-4163-9039-b3cd8e48f38c","op":"update","table":"files","key":555,"value":{"vault_id":1,"inner_token_id":101,"file_size":1,"status":"ACTIVE","download_count":39,"max_downloads":9999},"ts":"2026-04-05T12:20:37.050465+00:00"}
{"type":"PREPARE","tx_id":"39cc2129-2b30-4163-9039-b3cd8e48f38c","ts":"2026-04-05T12:20:37.050996+00:00"}
{"type":"COMMIT","tx_id":"39cc2129-2b30-4163-9039-b3cd8e48f38c","ts":"2026-04-05T12:20:37.051477+00:00"}
{"type":"BEGIN","tx_id":"711d01a5-f226-43ee-8e31-5fd6687765a1","ts":"2026-04-05T12:20:37.052036+00:00"}
{"type":"OP","tx_id":"711d01a5-f226-43ee-8e31-5fd6687765a1","op":"update","table":"files","key":555,"value":{"vault_id":1,"inner_token_id":101,"file_size":1,"status":"ACTIVE","download_count":40,"max_downloads":9999},"ts":"2026-04-05T12:20:37.052784+00:00"}
{"type":"PREPARE","tx_id":"711d01a5-f226-43ee-8e31-5fd6687765a1","ts":"2026-04-05T12:20:37.053328+00:00"}
{"type":"COMMIT","tx_id":"711d01a5-f226-43ee-8e31-5fd6687765a1","ts":"2026-04-05T12:20:37.053923+00:00"}
{"type":"BEGIN","tx_id":"771ea92b-dac8-4485-9a3b-2b2667da2195","ts":"2026-04-05T12:20:37.054449+00:00"}
{"type":"OP","tx_id":"771ea92b-dac8-4485-9a3b-2b2667da2195","op":"update","table":"files","key":555,"value":{"vault_id":1,"inner_token_id":101,"file_size":1,"status":"ACTIVE","download_count":41,"max_downloads":9999},"ts":"2026-04-05T12:20:37.055067+00:00"}
{"type":"PREPARE","tx_id":"771ea92b-dac8-4485-9a3b-2b2667da2195","ts":"2026-04-05T12:20:37.056329+00:00"}
{"type":"COMMIT","tx_id":"771ea92b-dac8-4485-9a3b-2b2667da2195","ts":"2026-04-05T12:20:37.057263+00:00"}
{"type":"BEGIN","tx_id":"34265ce8-983e-43ac-b0e0-02344e532b67","ts":"2026-04-05T12:20:37.058471+00:00"}
{"type":"OP","tx_id":"34265ce8-983e-43ac-b0e0-02344e532b67","op":"update","table":"files","key":555,"value":{"vault_id":1,"inner_token_id":101,"file_size":1,"status":"ACTIVE","download_count":42,"max_downloads":9999},"ts":"2026-04-05T12:20:37.060178+00:00"}
{"type":"PREPARE","tx_id":"34265ce8-983e-43ac-b0e0-02344e532b67","ts":"2026-04-05T12:20:37.060985+00:00"}
{"type":"COMMIT","tx_id":"34265ce8-983e-43ac-b0e0-02344e532b67","ts":"2026-04-05T12:20:37.061568+00:00"}
{"type":"BEGIN","tx_id":"87a509d6-4e73-4147-8849-5869b12939b8","ts":"2026-04-05T12:20:37.062200+00:00"}
{"type":"OP","tx_id":"87a509d6-4e73-4147-8849-5869b12939b8","op":"update","table":"files","key":555,"value":{"vault_id":1,"inner_token_id":101,"file_size":1,"status":"ACTIVE","download_count":43,"max_downloads":9999},"ts":"2026-04-05T12:20:37.062774+00:00"}
{"type":"PREPARE","tx_id":"87a509d6-4e73-4147-8849-5869b12939b8","ts":"2026-04-05T12:20:37.063624+00:00"}
{"type":"COMMIT","tx_id":"87a509d6-4e73-4147-8849-5869b12939b8","ts":"2026-04-05T12:20:37.064160+00:00"}
{"type":"BEGIN","tx_id":"bf46ba47-ad75-4f79-b9b8-7239b5987cba","ts":"2026-04-05T12:20:37.064747+00:00"}
{"type":"OP","tx_id":"bf46ba47-ad75-4f79-b9b8-7239b5987cba","op":"update","table":"files","key":555,"value":{"vault_id":1,"inner_token_id":101,"file_size":1,"status":"ACTIVE","download_count":44,"max_downloads":9999},"ts":"2026-04-05T12:20:37.065550+00:00"}
{"type":"PREPARE","tx_id":"bf46ba47-ad75-4f79-b9b8-7239b5987cba","ts":"2026-04-05T12:20:37.066460+00:00"}
{"type":"COMMIT","tx_id":"bf46ba47-ad75-4f79-b9b8-7239b5987cba","ts":"2026-04-05T12:20:37.066998+00:00"}
{"type":"BEGIN","tx_id":"a6e1e895-5e58-4d63-8149-f601538371f3","ts":"2026-04-05T12:20:37.067606+00:00"}
{"type":"OP","tx_id":"a6e1e895-5e58-4d63-8149-f601538371f3","op":"update","table":"files","key":555,"value":{"vault_id":1,"inner_token_id":101,"file_size":1,"status":"ACTIVE","download_count":45,"max_downloads":9999},"ts":"2026-04-05T12:20:37.068206+00:00"}
{"type":"PREPARE","tx_id":"a6e1e895-5e58-4d63-8149-f601538371f3","ts":"2026-04-05T12:20:37.068805+00:00"}
{"type":"COMMIT","tx_id":"a6e1e895-5e58-4d63-8149-f601538371f3","ts":"2026-04-05T12:20:37.069334+00:00"}
{"type":"BEGIN","tx_id":"4d16f465-75ad-4627-a54b-a854c8120b8e","ts":"2026-04-05T12:20:37.070235+00:00"}
{"type":"OP","tx_id":"4d16f465-75ad-4627-a54b-a854c8120b8e","op":"update","table":"files","key":555,"value":{"vault_id":1,"inner_token_id":101,"file_size":1,"status":"ACTIVE","download_count":46,"max_downloads":9999},"ts":"2026-04-05T12:20:37.070841+00:00"}
{"type":"PREPARE","tx_id":"4d16f465-75ad-4627-a54b-a854c8120b8e","ts":"2026-04-05T12:20:37.071373+00:00"}
{"type":"COMMIT","tx_id":"4d16f465-75ad-4627-a54b-a854c8120b8e","ts":"2026-04-05T12:20:37.071880+00:00"}
{"type":"BEGIN","tx_id":"c17a6187-8f9f-448e-a80f-763a937975f0","ts":"2026-04-05T12:20:37.072389+00:00"}
{"type":"OP","tx_id":"c17a6187-8f9f-448e-a80f-763a937975f0","op":"update","table":"files","key":555,"value":{"vault_id":1,"inner_token_id":101,"file_size":1,"status":"ACTIVE","download_count":47,"max_downloads":9999},"ts":"2026-04-05T12:20:37.072961+00:00"}
{"type":"PREPARE","tx_id":"c17a6187-8f9f-448e-a80f-763a937975f0","ts":"2026-04-05T12:20:37.073810+00:00"}
{"type":"COMMIT","tx_id":"c17a6187-8f9f-448e-a80f-763a937975f0","ts":"2026-04-05T12:20:37.074529+00:00"}
{"type":"BEGIN","tx_id":"67cafacc-af86-417f-a3bb-619df126bced","ts":"2026-04-05T12:20:37.075370+00:00"}
{"type":"OP","tx_id":"67cafacc-af86-417f-a3bb-619df126bced","op":"update","table":"files","key":555,"value":{"vault_id":1,"inner_token_id":101,"file_size":1,"status":"ACTIVE","download_count":48,"max_downloads":9999},"ts":"2026-04-05T12:20:37.076176+00:00"}
{"type":"PREPARE","tx_id":"67cafacc-af86-417f-a3bb-619df126bced","ts":"2026-04-05T12:20:37.077026+00:00"}
{"type":"COMMIT","tx_id":"67cafacc-af86-417f-a3bb-619df126bced","ts":"2026-04-05T12:20:37.077933+00:00"}
{"type":"BEGIN","tx_id":"97c56b3f-9a19-4b02-9fb4-2dfe670b205f","ts":"2026-04-05T12:20:37.079136+00:00"}
{"type":"OP","tx_id":"97c56b3f-9a19-4b02-9fb4-2dfe670b205f","op":"update","table":"files","key":555,"value":{"vault_id":1,"inner_token_id":101,"file_size":1,"status":"ACTIVE","download_count":49,"max_downloads":9999},"ts":"2026-04-05T12:20:37.079768+00:00"}
{"type":"PREPARE","tx_id":"97c56b3f-9a19-4b02-9fb4-2dfe670b205f","ts":"2026-04-05T12:20:37.080407+00:00"}
{"type":"COMMIT","tx_id":"97c56b3f-9a19-4b02-9fb4-2dfe670b205f","ts":"2026-04-05T12:20:37.081223+00:00"}
{"type":"BEGIN","tx_id":"a2f83bc0-63e7-4f4d-9a4a-b878d1a12b56","ts":"2026-04-05T12:20:37.082092+00:00"}
{"type":"OP","tx_id":"a2f83bc0-63e7-4f4d-9a4a-b878d1a12b56","op":"update","table":"files","key":555,"value":{"vault_id":1,"inner_token_id":101,"file_size":1,"status":"ACTIVE","download_count":50,"max_downloads":9999},"ts":"2026-04-05T12:20:37.082780+00:00"}
{"type":"PREPARE","tx_id":"a2f83bc0-63e7-4f4d-9a4a-b878d1a12b56","ts":"2026-04-05T12:20:37.083360+00:00"}
{"type":"COMMIT","tx_id":"a2f83bc0-63e7-4f4d-9a4a-b878d1a12b56","ts":"2026-04-05T12:20:37.083913+00:00"}
