{"type":"SCHEMA","table":"vaults","index_type":"bplustree","order":4,"ts":"2026-04-05T12:20:37.117618+00:00"}
{"type":"SCHEMA","table":"inner_tokens","index_type":"bplustree","order":4,"ts":"2026-04-05T12:20:37.118617+00:00"}
{"type":"SCHEMA","table":"files","index_type":"bplustree","order":4,"ts":"2026-04-05T12:20:37.119768+00:00"}
{"type":"SCHEMA","table":"sessions","index_type":"bplustree","order":4,"ts":"2026-04-05T12:20:37.121004+00:00"}
{"type":"SCHEMA","table":"download_logs","index_type":"bplustree","order":4,"ts":"2026-04-05T12:20:37.122131+00:00"}
{"type":"SCHEMA","table":"expiry_jobs","index_type":"bplustree","order":4,"ts":"2026-04-05T12:20:37.122675+00:00"}
{"type":"SCHEMA","table":"portfolio_entries","index_type":"bplustree","order":4,"ts":"2026-04-05T12:20:37.123168+00:00"}
{"type":"BEGIN","tx_id":"e304b411-c85f-4242-8492-d16d08aef0ee","ts":"2026-04-05T12:20:37.123915+00:00"}
{"type":"OP","tx_id":"e304b411-c85f-4242-8492-d16d08aef0ee","op":"insert","table":"vaults","key":1000,"value":{"outer_token":"OUTER_0000","status":"ACTIVE"},"ts":"2026-04-05T12:20:37.124832+00:00"}
{"type":"OP","tx_id":"e304b411-c85f-4242-8492-d16d08aef0ee","op":"insert","table":"inner_tokens","key":2000,"value":{"vault_id":1000,"token_type":"MAIN","token_hash":"hash_0","status":"ACTIVE"},"ts":"2026-04-05T12:20:37.125636+00:00"}
{"type":"OP","tx_id":"e304b411-c85f-4242-8492-d16d08aef0ee","op":"insert","table":"files","key":3000,"value":{"vault_id":1000,"inner_token_id":2000,"file_size":512,"status":"ACTIVE","download_count":0,"max_downloads":1},"ts":"2026-04-05T12:20:37.126397+00:00"}
{"type":"PREPARE","tx_id":"e304b411-c85f-4242-8492-d16d08aef0ee","ts":"2026-04-05T12:20:37.126961+00:00"}
{"type":"COMMIT","tx_id":"e304b411-c85f-4242-8492-d16d08aef0ee","ts":"2026-04-05T12:20:37.127561+00:00"}
{"type":"BEGIN","tx_id":"4b83df55-7517-4fae-8cba-c217be256c73","ts":"2026-04-05T12:20:37.128159+00:00"}
{"type":"OP","tx_id":"4b83df55-7517-4fae-8cba-c217be256c73","op":"insert","table":"vaults","key":1001,"value":{"outer_token":"OUTER_0001","status":"ACTIVE"},"ts":"2026-04-05T12:20:37.129271+00:00"}
{"type":"OP","tx_id":"4b83df55-7517-4fae-8cba-c217be256c73","op":"insert","table":"inner_tokens","key":2001,"value":{"vault_id":1001,"token_type":"MAIN","token_hash":"hash_1","status":"ACTIVE"},"ts":"2026-04-05T12:20:37.129857+00:00"}
{"type":"OP","tx_id":"4b83df55-7517-4fae-8cba-c217be256c73","op":"insert","table":"files","key":3001,"value":{"vault_id":1001,"inner_token_id":2001,"file_size":1024,"status":"ACTIVE","download_count":0,"max_downloads":1},"ts":"2026-04-05T12:20:37.130355+00:00"}
{"type":"PREPARE","tx_id":"4b83df55-7517-4fae-8cba-c217be256c73","ts":"2026-04-05T12:20:37.131191+00:00"}
{"type":"COMMIT","tx_id":"4b83df55-7517-4fae-8cba-c217be256c73","ts":"2026-04-05T12:20:37.132112+00:00"}
{"type":"BEGIN","tx_id":"03ae4466-6fc1-4d15-bbfa-0fa649026276","ts":"2026-04-05T12:20:37.133376+00:00"}
{"type":"OP","tx_id":"03ae4466-6fc1-4d15-bbfa-0fa649026276","op":"insert","table":"vaults","key":1002,"value":{"outer_token":"OUTER_0002","status":"ACTIVE"},"ts":"2026-04-05T12:20:37.133984+00:00"}
{"type":"OP","tx_id":"03ae4466-6fc1-4d15-bbfa-0fa649026276","op":"insert","table":"inner_tokens","key":2002,"value":{"vault_id":1002,"token_type":"MAIN","token_hash":"hash_2","status":"ACTIVE"},"ts":"2026-04-05T12:20:37.134498+00:00"}
{"type":"OP","tx_id":"03ae4466-6fc1-4d15-bbfa-0fa649026276","op":"insert","table":"files","key":3002,"value":{"vault_id":1002,"inner_token_id":2002,"file_size":1536,"status":"ACTIVE","download_count":0,"max_downloads":1},"ts":"2026-04-05T12:20:37.135007+00:00"}
{"type":"PREPARE","tx_id":"03ae4466-6fc1-4d15-bbfa-0fa649026276","ts":"2026-04-05T12:20:37.135901+00:00"}
{"type":"COMMIT","tx_id":"03ae4466-6fc1-4d15-bbfa-0fa649026276","ts":"2026-04-05T12:20:37.136746+00:00"}
{"type":"BEGIN","tx_id":"0e02c13e-2a98-48a0-a25e-74cee6d3a288","ts":"2026-04-05T12:20:37.137338+00:00"}
{"type":"OP","tx_id":"0e02c13e-2a98-48a0-a25e-74cee6d3a288","op":"insert","table":"vaults","key":1003,"value":{"outer_token":"OUTER_0003","status":"ACTIVE"},"ts":"2026-04-05T12:20:37.137880+00:00"}
{"type":"OP","tx_id":"0e02c13e-2a98-48a0-a25e-74cee6d3a288","op":"insert","table":"inner_tokens","key":2003,"value":{"vault_id":1003,"token_type":"MAIN","token_hash":"hash_3","status":"ACTIVE"},"ts":"2026-04-05T12:20:37.138486+00:00"}
{"type":"OP","tx_id":"0e02c13e-2a98-48a0-a25e-74cee6d3a288","op":"insert","table":"files","key":3003,"value":{"vault_id":1003,"inner_token_id":2003,"file_size":2048,"status":"ACTIVE","download_count":0,"max_downloads":1},"ts":"2026-04-05T12:20:37.139054+00:00"}
{"type":"PREPARE","tx_id":"0e02c13e-2a98-48a0-a25e-74cee6d3a288","ts":"2026-04-05T12:20:37.139621+00:00"}
{"type":"COMMIT","tx_id":"0e02c13e-2a98-48a0-a25e-74cee6d3a288","ts":"2026-04-05T12:20:37.140199+00:00"}
{"type":"BEGIN","tx_id":"cb8a4d29-21ae-4019-9424-cdcc6a1ee19d","ts":"2026-04-05T12:20:37.140727+00:00"}
{"type":"OP","tx_id":"cb8a4d29-21ae-4019-9424-cdcc6a1ee19d","op":"insert","table":"vaults","key":1004,"value":{"outer_token":"OUTER_0004","status":"ACTIVE"},"ts":"2026-04-05T12:20:37.141237+00:00"}
{"type":"OP","tx_id":"cb8a4d29-21ae-4019-9424-cdcc6a1ee19d","op":"insert","table":"inner_tokens","key":2004,"value":{"vault_id":1004,"token_type":"MAIN","token_hash":"hash_4","status":"ACTIVE"},"ts":"2026-04-05T12:20:37.141971+00:00"}
{"type":"OP","tx_id":"cb8a4d29-21ae-4019-9424-cdcc6a1ee19d","op":"insert","table":"files","key":3004,"value":{"vault_id":1004,"inner_token_id":2004,"file_size":2560,"status":"ACTIVE","download_count":0,"max_downloads":1},"ts":"2026-04-05T12:20:37.142677+00:00"}
{"type":"PREPARE","tx_id":"cb8a4d29-21ae-4019-9424-cdcc6a1ee19d","ts":"2026-04-05T12:20:37.143258+00:00"}
{"type":"COMMIT","tx_id":"cb8a4d29-21ae-4019-9424-cdcc6a1ee19d","ts":"2026-04-05T12:20:37.143811+00:00"}
{"type":"BEGIN","tx_id":"666b991e-bb37-49f4-a1f5-53f3da710199","ts":"2026-04-05T12:20:37.144383+00:00"}
{"type":"OP","tx_id":"666b991e-bb37-49f4-a1f5-53f3da710199","op":"insert","table":"vaults","key":1005,"value":{"outer_token":"OUTER_0005","status":"ACTIVE"},"ts":"2026-04-05T12:20:37.144953+00:00"}
{"type":"OP","tx_id":"666b991e-bb37-49f4-a1f5-53f3da710199","op":"insert","table":"inner_tokens","key":2005,"value":{"vault_id":1005,"token_type":"MAIN","token_hash":"hash_5","status":"ACTIVE"},"ts":"2026-04-05T12:20:37.145707+00:00"}
{"type":"OP","tx_id":"666b991e-bb37-49f4-a1f5-53f3da710199","op":"insert","table":"files","key":3005,"value":{"vault_id":1005,"inner_token_id":2005,"file_size":3072,"status":"ACTIVE","download_count":0,"max_downloads":1},"ts":"2026-04-05T12:20:37.146226+00:00"}
{"type":"PREPARE","tx_id":"666b991e-bb37-49f4-a1f5-53f3da710199","ts":"2026-04-05T12:20:37.146849+00:00"}
{"type":"COMMIT","tx_id":"666b991e-bb37-49f4-a1f5-53f3da710199","ts":"2026-04-05T12:20:37.147404+00:00"}
{"type":"BEGIN","tx_id":"47006c32-34e1-43e6-bc7b-1988a562b2e5","ts":"2026-04-05T12:20:37.148163+00:00"}
{"type":"OP","tx_id":"47006c32-34e1-43e6-bc7b-1988a562b2e5","op":"insert","table":"vaults","key":1006,"value":{"outer_token":"OUTER_0006","status":"ACTIVE"},"ts":"2026-04-05T12:20:37.149120+00:00"}
{"type":"OP","tx_id":"47006c32-34e1-43e6-bc7b-1988a562b2e5","op":"insert","table":"inner_tokens","key":2006,"value":{"vault_id":1006,"token_type":"MAIN","token_hash":"hash_6","status":"ACTIVE"},"ts":"2026-04-05T12:20:37.149852+00:00"}
{"type":"OP","tx_id":"47006c32-34e1-43e6-bc7b-1988a562b2e5","op":"insert","table":"files","key":3006,"value":{"vault_id":1006,"inner_token_id":2006,"file_size":3584,"status":"ACTIVE","download_count":0,"max_downloads":1},"ts":"2026-04-05T12:20:37.150834+00:00"}
{"type":"PREPARE","tx_id":"47006c32-34e1-43e6-bc7b-1988a562b2e5","ts":"2026-04-05T12:20:37.151781+00:00"}
{"type":"COMMIT","tx_id":"47006c32-34e1-43e6-bc7b-1988a562b2e5","ts":"2026-04-05T12:20:37.152383+00:00"}
{"type":"BEGIN","tx_id":"2da12a31-a216-4585-a6fb-5755572a5b8d","ts":"2026-04-05T12:20:37.153002+00:00"}
{"type":"OP","tx_id":"2da12a31-a216-4585-a6fb-5755572a5b8d","op":"insert","table":"vaults","key":1007,"value":{"outer_token":"OUTER_0007","status":"ACTIVE"},"ts":"2026-04-05T12:20:37.153788+00:00"}
{"type":"OP","tx_id":"2da12a31-a216-4585-a6fb-5755572a5b8d","op":"insert","table":"inner_tokens","key":2007,"value":{"vault_id":1007,"token_type":"MAIN","token_hash":"hash_7","status":"ACTIVE"},"ts":"2026-04-05T12:20:37.154577+00:00"}
{"type":"OP","tx_id":"2da12a31-a216-4585-a6fb-5755572a5b8d","op":"insert","table":"files","key":3007,"value":{"vault_id":1007,"inner_token_id":2007,"file_size":4096,"status":"ACTIVE","download_count":0,"max_downloads":1},"ts":"2026-04-05T12:20:37.155350+00:00"}
{"type":"PREPARE","tx_id":"2da12a31-a216-4585-a6fb-5755572a5b8d","ts":"2026-04-05T12:20:37.156063+00:00"}
{"type":"COMMIT","tx_id":"2da12a31-a216-4585-a6fb-5755572a5b8d","ts":"2026-04-05T12:20:37.156911+00:00"}
{"type":"BEGIN","tx_id":"af29ca3c-58e8-49dc-89aa-f263181c69ed","ts":"2026-04-05T12:20:37.157783+00:00"}
{"type":"OP","tx_id":"af29ca3c-58e8-49dc-89aa-f263181c69ed","op":"insert","table":"vaults","key":1008,"value":{"outer_token":"OUTER_0008","status":"ACTIVE"},"ts":"2026-04-05T12:20:37.158650+00:00"}
{"type":"OP","tx_id":"af29ca3c-58e8-49dc-89aa-f263181c69ed","op":"insert","table":"inner_tokens","key":2008,"value":{"vault_id":1008,"token_type":"MAIN","token_hash":"hash_8","status":"ACTIVE"},"ts":"2026-04-05T12:20:37.159924+00:00"}
{"type":"OP","tx_id":"af29ca3c-58e8-49dc-89aa-f263181c69ed","op":"insert","table":"files","key":3008,"value":{"vault_id":1008,"inner_token_id":2008,"file_size":4608,"status":"ACTIVE","download_count":0,"max_downloads":1},"ts":"2026-04-05T12:20:37.160895+00:00"}
{"type":"PREPARE","tx_id":"af29ca3c-58e8-49dc-89aa-f263181c69ed","ts":"2026-04-05T12:20:37.161781+00:00"}
{"type":"COMMIT","tx_id":"af29ca3c-58e8-49dc-89aa-f263181c69ed","ts":"2026-04-05T12:20:37.162774+00:00"}
{"type":"BEGIN","tx_id":"0a0d25d7-c850-422c-8d5f-709670e306a9","ts":"2026-04-05T12:20:37.163618+00:00"}
{"type":"OP","tx_id":"0a0d25d7-c850-422c-8d5f-709670e306a9","op":"insert","table":"vaults","key":1009,"value":{"outer_token":"OUTER_0009","status":"ACTIVE"},"ts":"2026-04-05T12:20:37.164433+00:00"}
{"type":"OP","tx_id":"0a0d25d7-c850-422c-8d5f-709670e306a9","op":"insert","table":"inner_tokens","key":2009,"value":{"vault_id":1009,"token_type":"MAIN","token_hash":"hash_9","status":"ACTIVE"},"ts":"2026-04-05T12:20:37.165359+00:00"}
{"type":"OP","tx_id":"0a0d25d7-c850-422c-8d5f-709670e306a9","op":"insert","table":"files","key":3009,"value":{"vault_id":1009,"inner_token_id":2009,"file_size":5120,"status":"ACTIVE","download_count":0,"max_downloads":1},"ts":"2026-04-05T12:20:37.166528+00:00"}
{"type":"PREPARE","tx_id":"0a0d25d7-c850-422c-8d5f-709670e306a9","ts":"2026-04-05T12:20:37.167810+00:00"}
{"type":"COMMIT","tx_id":"0a0d25d7-c850-422c-8d5f-709670e306a9","ts":"2026-04-05T12:20:37.168972+00:00"}
{"type":"BEGIN","tx_id":"3edae418-f9c0-464c-99c4-cb74c4a9dafb","ts":"2026-04-05T12:20:37.170384+00:00"}
{"type":"OP","tx_id":"3edae418-f9c0-464c-99c4-cb74c4a9dafb","op":"insert","table":"vaults","key":1010,"value":{"outer_token":"OUTER_0010","status":"ACTIVE"},"ts":"2026-04-05T12:20:37.171879+00:00"}
{"type":"OP","tx_id":"3edae418-f9c0-464c-99c4-cb74c4a9dafb","op":"insert","table":"inner_tokens","key":2010,"value":{"vault_id":1010,"token_type":"MAIN","token_hash":"hash_10","status":"ACTIVE"},"ts":"2026-04-05T12:20:37.173419+00:00"}
{"type":"OP","tx_id":"3edae418-f9c0-464c-99c4-cb74c4a9dafb","op":"insert","table":"files","key":3010,"value":{"vault_id":1010,"inner_token_id":2010,"file_size":5632,"status":"ACTIVE","download_count":0,"max_downloads":1},"ts":"2026-04-05T12:20:37.175011+00:00"}
{"type":"PREPARE","tx_id":"3edae418-f9c0-464c-99c4-cb74c4a9dafb","ts":"2026-04-05T12:20:37.176852+00:00"}
{"type":"COMMIT","tx_id":"3edae418-f9c0-464c-99c4-cb74c4a9dafb","ts":"2026-04-05T12:20:37.178061+00:00"}
{"type":"BEGIN","tx_id":"cd0f63b1-c9dc-44ac-a7f8-846d8fa0436e","ts":"2026-04-05T12:20:37.178909+00:00"}
{"type":"OP","tx_id":"cd0f63b1-c9dc-44ac-a7f8-846d8fa0436e","op":"insert","table":"vaults","key":1011,"value":{"outer_token":"OUTER_0011","status":"ACTIVE"},"ts":"2026-04-05T12:20:37.179568+00:00"}
{"type":"OP","tx_id":"cd0f63b1-c9dc-44ac-a7f8-846d8fa0436e","op":"insert","table":"inner_tokens","key":2011,"value":{"vault_id":1011,"token_type":"MAIN","token_hash":"hash_11","status":"ACTIVE"},"ts":"2026-04-05T12:20:37.180192+00:00"}
{"type":"OP","tx_id":"cd0f63b1-c9dc-44ac-a7f8-846d8fa0436e","op":"insert","table":"files","key":3011,"value":{"vault_id":1011,"inner_token_id":2011,"file_size":6144,"status":"ACTIVE","download_count":0,"max_downloads":1},"ts":"2026-04-05T12:20:37.180786+00:00"}
{"type":"PREPARE","tx_id":"cd0f63b1-c9dc-44ac-a7f8-846d8fa0436e","ts":"2026-04-05T12:20:37.181530+00:00"}
{"type":"COMMIT","tx_id":"cd0f63b1-c9dc-44ac-a7f8-846d8fa0436e","ts":"2026-04-05T12:20:37.182548+00:00"}
{"type":"BEGIN","tx_id":"3321681e-70db-4576-8fc5-f6db70d9ab49","ts":"2026-04-05T12:20:37.183358+00:00"}
{"type":"OP","tx_id":"3321681e-70db-4576-8fc5-f6db70d9ab49","op":"insert","table":"vaults","key":1012,"value":{"outer_token":"OUTER_0012","status":"ACTIVE"},"ts":"2026-04-05T12:20:37.184678+00:00"}
{"type":"OP","tx_id":"3321681e-70db-4576-8fc5-f6db70d9ab49","op":"insert","table":"inner_tokens","key":2012,"value":{"vault_id":1012,"token_type":"MAIN","token_hash":"hash_12","status":"ACTIVE"},"ts":"2026-04-05T12:20:37.185633+00:00"}
{"type":"OP","tx_id":"3321681e-70db-4576-8fc5-f6db70d9ab49","op":"insert","table":"files","key":3012,"value":{"vault_id":1012,"inner_token_id":2012,"file_size":6656,"status":"ACTIVE","download_count":0,"max_downloads":1},"ts":"2026-04-05T12:20:37.186333+00:00"}
{"type":"PREPARE","tx_id":"3321681e-70db-4576-8fc5-f6db70d9ab49","ts":"2026-04-05T12:20:37.187277+00:00"}
{"type":"COMMIT","tx_id":"3321681e-70db-4576-8fc5-f6db70d9ab49","ts":"2026-04-05T12:20:37.188672+00:00"}
{"type":"BEGIN","tx_id":"07db545b-b600-490d-99dd-ab39fd9a24a7","ts":"2026-04-05T12:20:37.192928+00:00"}
{"type":"OP","tx_id":"07db545b-b600-490d-99dd-ab39fd9a24a7","op":"insert","table":"vaults","key":1013,"value":{"outer_token":"OUTER_0013","status":"ACTIVE"},"ts":"2026-04-05T12:20:37.194395+00:00"}
{"type":"OP","tx_id":"07db545b-b600-490d-99dd-ab39fd9a24a7","op":"insert","table":"inner_tokens","key":2013,"value":{"vault_id":1013,"token_type":"MAIN","token_hash":"hash_13","status":"ACTIVE"},"ts":"2026-04-05T12:20:37.195591+00:00"}
{"type":"OP","tx_id":"07db545b-b600-490d-99dd-ab39fd9a24a7","op":"insert","table":"files","key":3013,"value":{"vault_id":1013,"inner_token_id":2013,"file_size":7168,"status":"ACTIVE","download_count":0,"max_downloads":1},"ts":"2026-04-05T12:20:37.197463+00:00"}
{"type":"PREPARE","tx_id":"07db545b-b600-490d-99dd-ab39fd9a24a7","ts":"2026-04-05T12:20:37.199066+00:00"}
{"type":"COMMIT","tx_id":"07db545b-b600-490d-99dd-ab39fd9a24a7","ts":"2026-04-05T12:20:37.200327+00:00"}
{"type":"BEGIN","tx_id":"28d33b09-f578-47d6-b898-a009d60d6822","ts":"2026-04-05T12:20:37.201609+00:00"}
{"type":"OP","tx_id":"28d33b09-f578-47d6-b898-a009d60d6822","op":"insert","table":"vaults","key":1014,"value":{"outer_token":"OUTER_0014","status":"ACTIVE"},"ts":"2026-04-05T12:20:37.202824+00:00"}
{"type":"OP","tx_id":"28d33b09-f578-47d6-b898-a009d60d6822","op":"insert","table":"inner_tokens","key":2014,"value":{"vault_id":1014,"token_type":"MAIN","token_hash":"hash_14","status":"ACTIVE"},"ts":"2026-04-05T12:20:37.204470+00:00"}
{"type":"OP","tx_id":"28d33b09-f578-47d6-b898-a009d60d6822","op":"insert","table":"files","key":3014,"value":{"vault_id":1014,"inner_token_id":2014,"file_size":7680,"status":"ACTIVE","download_count":0,"max_downloads":1},"ts":"2026-04-05T12:20:37.205874+00:00"}
{"type":"PREPARE","tx_id":"28d33b09-f578-47d6-b898-a009d60d6822","ts":"2026-04-05T12:20:37.207594+00:00"}
{"type":"COMMIT","tx_id":"28d33b09-f578-47d6-b898-a009d60d6822","ts":"2026-04-05T12:20:37.208813+00:00"}
{"type":"BEGIN","tx_id":"13e62621-f742-4ad3-9c16-83d2ee0e1945","ts":"2026-04-05T12:20:37.210091+00:00"}
{"type":"OP","tx_id":"13e62621-f742-4ad3-9c16-83d2ee0e1945","op":"insert","table":"vaults","key":1015,"value":{"outer_token":"OUTER_0015","status":"ACTIVE"},"ts":"2026-04-05T12:20:37.211529+00:00"}
{"type":"OP","tx_id":"13e62621-f742-4ad3-9c16-83d2ee0e1945","op":"insert","table":"inner_tokens","key":2015,"value":{"vault_id":1015,"token_type":"MAIN","token_hash":"hash_15","status":"ACTIVE"},"ts":"2026-04-05T12:20:37.213140+00:00"}
{"type":"OP","tx_id":"13e62621-f742-4ad3-9c16-83d2ee0e1945","op":"insert","table":"files","key":3015,"value":{"vault_id":1015,"inner_token_id":2015,"file_size":8192,"status":"ACTIVE","download_count":0,"max_downloads":1},"ts":"2026-04-05T12:20:37.215334+00:00"}
{"type":"PREPARE","tx_id":"13e62621-f742-4ad3-9c16-83d2ee0e1945","ts":"2026-04-05T12:20:37.216976+00:00"}
{"type":"COMMIT","tx_id":"13e62621-f742-4ad3-9c16-83d2ee0e1945","ts":"2026-04-05T12:20:37.218262+00:00"}
{"type":"BEGIN","tx_id":"35750913-90e8-4f8b-bc0e-9a4b15870cc6","ts":"2026-04-05T12:20:37.219645+00:00"}
{"type":"OP","tx_id":"35750913-90e8-4f8b-bc0e-9a4b15870cc6","op":"insert","table":"vaults","key":1016,"value":{"outer_token":"OUTER_0016","status":"ACTIVE"},"ts":"2026-04-05T12:20:37.220934+00:00"}
{"type":"OP","tx_id":"35750913-90e8-4f8b-bc0e-9a4b15870cc6","op":"insert","table":"inner_tokens","key":2016,"value":{"vault_id":1016,"token_type":"MAIN","token_hash":"hash_16","status":"ACTIVE"},"ts":"2026-04-05T12:20:37.222177+00:00"}
{"type":"OP","tx_id":"35750913-90e8-4f8b-bc0e-9a4b15870cc6","op":"insert","table":"files","key":3016,"value":{"vault_id":1016,"inner_token_id":2016,"file_size":8704,"status":"ACTIVE","download_count":0,"max_downloads":1},"ts":"2026-04-05T12:20:37.223501+00:00"}
{"type":"PREPARE","tx_id":"35750913-90e8-4f8b-bc0e-9a4b15870cc6","ts":"2026-04-05T12:20:37.224709+00:00"}
{"type":"COMMIT","tx_id":"35750913-90e8-4f8b-bc0e-9a4b15870cc6","ts":"2026-04-05T12:20:37.226344+00:00"}
{"type":"BEGIN","tx_id":"486f9f89-77f1-4961-a31c-12b2a01e7537","ts":"2026-04-05T12:20:37.227575+00:00"}
{"type":"OP","tx_id":"486f9f89-77f1-4961-a31c-12b2a01e7537","op":"insert","table":"vaults","key":1017,"value":{"outer_token":"OUTER_0017","status":"ACTIVE"},"ts":"2026-04-05T12:20:37.228843+00:00"}
{"type":"OP","tx_id":"486f9f89-77f1-4961-a31c-12b2a01e7537","op":"insert","table":"inner_tokens","key":2017,"value":{"vault_id":1017,"token_type":"MAIN","token_hash":"hash_17","status":"ACTIVE"},"ts":"2026-04-05T12:20:37.230210+00:00"}
{"type":"OP","tx_id":"486f9f89-77f1-4961-a31c-12b2a01e7537","op":"insert","table":"files","key":3017,"value":{"vault_id":1017,"inner_token_id":2017,"file_size":9216,"status":"ACTIVE","download_count":0,"max_downloads":1},"ts":"2026-04-05T12:20:37.231912+00:00"}
{"type":"PREPARE","tx_id":"486f9f89-77f1-4961-a31c-12b2a01e7537","ts":"2026-04-05T12:20:37.233024+00:00"}
{"type":"COMMIT","tx_id":"486f9f89-77f1-4961-a31c-12b2a01e7537","ts":"2026-04-05T12:20:37.234302+00:00"}
{"type":"BEGIN","tx_id":"ef5f21b6-652b-4c35-a0a3-df075aedd200","ts":"2026-04-05T12:20:37.235673+00:00"}
{"type":"OP","tx_id":"ef5f21b6-652b-4c35-a0a3-df075aedd200","op":"insert","table":"vaults","key":1018,"value":{"outer_token":"OUTER_0018","status":"ACTIVE"},"ts":"2026-04-05T12:20:37.236525+00:00"}
{"type":"OP","tx_id":"ef5f21b6-652b-4c35-a0a3-df075aedd200","op":"insert","table":"inner_tokens","key":2018,"value":{"vault_id":1018,"token_type":"MAIN","token_hash":"hash_18","status":"ACTIVE"},"ts":"2026-04-05T12:20:37.237358+00:00"}
{"type":"OP","tx_id":"ef5f21b6-652b-4c35-a0a3-df075aedd200","op":"insert","table":"files","key":3018,"value":{"vault_id":1018,"inner_token_id":2018,"file_size":9728,"status":"ACTIVE","download_count":0,"max_downloads":1},"ts":"2026-04-05T12:20:37.238210+00:00"}
{"type":"PREPARE","tx_id":"ef5f21b6-652b-4c35-a0a3-df075aedd200","ts":"2026-04-05T12:20:37.239066+00:00"}
{"type":"COMMIT","tx_id":"ef5f21b6-652b-4c35-a0a3-df075aedd200","ts":"2026-04-05T12:20:37.240107+00:00"}
{"type":"BEGIN","tx_id":"de7ebc69-9ba8-419c-9d9f-6e9e44347e5e","ts":"2026-04-05T12:20:37.241501+00:00"}
{"type":"OP","tx_id":"de7ebc69-9ba8-419c-9d9f-6e9e44347e5e","op":"insert","table":"vaults","key":1019,"value":{"outer_token":"OUTER_0019","status":"ACTIVE"},"ts":"2026-04-05T12:20:37.242669+00:00"}
{"type":"OP","tx_id":"de7ebc69-9ba8-419c-9d9f-6e9e44347e5e","op":"insert","table":"inner_tokens","key":2019,"value":{"vault_id":1019,"token_type":"MAIN","token_hash":"hash_19","status":"ACTIVE"},"ts":"2026-04-05T12:20:37.243752+00:00"}
{"type":"OP","tx_id":"de7ebc69-9ba8-419c-9d9f-6e9e44347e5e","op":"insert","table":"files","key":3019,"value":{"vault_id":1019,"inner_token_id":2019,"file_size":10240,"status":"ACTIVE","download_count":0,"max_downloads":1},"ts":"2026-04-05T12:20:37.244978+00:00"}
{"type":"PREPARE","tx_id":"de7ebc69-9ba8-419c-9d9f-6e9e44347e5e","ts":"2026-04-05T12:20:37.246603+00:00"}
{"type":"COMMIT","tx_id":"de7ebc69-9ba8-419c-9d9f-6e9e44347e5e","ts":"2026-04-05T12:20:37.248109+00:00"}
