{"type":"SCHEMA","table":"vaults","index_type":"bplustree","order":4,"ts":"2026-04-05T12:20:37.251884+00:00"}
{"type":"SCHEMA","table":"inner_tokens","index_type":"bplustree","order":4,"ts":"2026-04-05T12:20:37.253297+00:00"}
{"type":"SCHEMA","table":"files","index_type":"bplustree","order":4,"ts":"2026-04-05T12:20:37.255074+00:00"}
{"type":"SCHEMA","table":"sessions","index_type":"bplustree","order":4,"ts":"2026-04-05T12:20:37.256076+00:00"}
{"type":"SCHEMA","table":"download_logs","index_type":"bplustree","order":4,"ts":"2026-04-05T12:20:37.256655+00:00"}
{"type":"SCHEMA","table":"expiry_jobs","index_type":"bplustree","order":4,"ts":"2026-04-05T12:20:37.257194+00:00"}
{"type":"SCHEMA","table":"portfolio_entries","index_type":"bplustree","order":4,"ts":"2026-04-05T12:20:37.257725+00:00"}
{"type":"BEGIN","tx_id":"25083d71-3058-4e0e-82f3-3810ae162dbf","ts":"2026-04-05T12:20:37.258264+00:00"}
{"type":"OP","tx_id":"25083d71-3058-4e0e-82f3-3810ae162dbf","op":"insert","table":"vaults","key":1,"value":{"outer_token":"RACE_OUTER","status":"ACTIVE"},"ts":"2026-04-05T12:20:37.258798+00:00"}
{"type":"OP","tx_id":"25083d71-3058-4e0e-82f3-3810ae162dbf","op":"insert","table":"inner_tokens","key":101,"value":{"vault_id":1,"token_type":"MAIN","token_hash":"race_h","status":"ACTIVE"},"ts":"2026-04-05T12:20:37.259318+00:00"}
{"type":"OP","tx_id":"25083d71-3058-4e0e-82f3-3810ae162dbf","op":"insert","table":"sessions","key":501,"value":{"ip_address":"127.0.0.1","user_agent":"race-tester"},"ts":"2026-04-05T12:20:37.259937+00:00"}
{"type":"PREPARE","tx_id":"25083d71-3058-4e0e-82f3-3810ae162dbf","ts":"2026-04-05T12:20:37.261095+00:00"}
{"type":"COMMIT","tx_id":"25083d71-3058-4e0e-82f3-3810ae162dbf","ts":"2026-04-05T12:20:37.261909+00:00"}
{"type":"BEGIN","tx_id":"1e1717d0-56e8-4c18-8fe7-a8db66f244b8","ts":"2026-04-05T12:20:37.262689+00:00"}
{"type":"OP","tx_id":"1e1717d0-56e8-4c18-8fe7-a8db66f244b8","op":"insert","table":"files","key":555,"value":{"vault_id":1,"inner_token_id":101,"file_size":2048,"status":"ACTIVE","download_count":0,"max_downloads":1},"ts":"2026-04-05T12:20:37.263338+00:00"}
{"type":"PREPARE","tx_id":"1e1717d0-56e8-4c18-8fe7-a8db66f244b8","ts":"2026-04-05T12:20:37.264088+00:00"}
{"type":"COMMIT","tx_id":"1e1717d0-56e8-4c18-8fe7-a8db66f244b8","ts":"2026-04-05T12:20:37.265083+00:00"}
{"type":"BEGIN","tx_id":"ab4c0f15-a799-43ed-9966-965e62c13eb9","ts":"2026-04-05T12:20:37.266318+00:00"}
{"type":"OP","tx_id":"ab4c0f15-a799-43ed-9966-965e62c13eb9","op":"update","table":"files","key":555,"value":{"vault_id":1,"inner_token_id":101,"file_size":2048,"status":"ACTIVE","download_count":1,"max_downloads":1},"ts":"2026-04-05T12:20:37.267194+00:00"}
{"type":"OP","tx_id":"ab4c0f15-a799-43ed-9966-965e62c13eb9","op":"insert","table":"download_logs","key":70001,"value":{"file_id":555,"inner_token_id":101,"session_id":501},"ts":"2026-04-05T12:20:37.268522+00:00"}
{"type":"PREPARE","tx_id":"ab4c0f15-a799-43ed-9966-965e62c13eb9","ts":"2026-04-05T12:20:37.269259+00:00"}
{"type":"COMMIT","tx_id":"ab4c0f15-a799-43ed-9966-965e62c13eb9","ts":"2026-04-05T12:20:37.269962+00:00"}
{"type":"BEGIN","tx_id":"a51e32f1-aa69-4646-ac88-03888bb60dd4","ts":"2026-04-05T12:20:37.270675+00:00"}
{"type":"ROLLBACK","tx_id":"a51e32f1-aa69-4646-ac88-03888bb60dd4","ts":"2026-04-05T12:20:37.271404+00:00"}
{"type":"BEGIN","tx_id":"d81037f3-f67d-4d82-8faa-1abd4f069dc6","ts":"2026-04-05T12:20:37.271997+00:00"}
{"type":"ROLLBACK","tx_id":"d81037f3-f67d-4d82-8faa-1abd4f069dc6","ts":"2026-04-05T12:20:37.272599+00:00"}
{"type":"BEGIN","tx_id":"d4834ad3-da66-428d-a3ca-ac2c60980387","ts":"2026-04-05T12:20:37.273180+00:00"}
{"type":"ROLLBACK","tx_id":"d4834ad3-da66-428d-a3ca-ac2c60980387","ts":"2026-04-05T12:20:37.273694+00:00"}
{"type":"BEGIN","tx_id":"d2a0fc40-0e23-49d0-9afd-0a275f51e2b7","ts":"2026-04-05T12:20:37.274214+00:00"}
{"type":"ROLLBACK","tx_id":"d2a0fc40-0e23-49d0-9afd-0a275f51e2b7","ts":"2026-04-05T12:20:37.274772+00:00"}
{"type":"BEGIN","tx_id":"00ae77df-d58c-4757-8ab5-0d9e9b8e82f5","ts":"2026-04-05T12:20:37.275583+00:00"}
{"type":"ROLLBACK","tx_id":"00ae77df-d58c-4757-8ab5-0d9e9b8e82f5","ts":"2026-04-05T12:20:37.276388+00:00"}
{"type":"BEGIN","tx_id":"18c8f435-962b-4427-bb50-6843b8c96bc2","ts":"2026-04-05T12:20:37.277121+00:00"}
{"type":"ROLLBACK","tx_id":"18c8f435-962b-4427-bb50-6843b8c96bc2","ts":"2026-04-05T12:20:37.277739+00:00"}
{"type":"BEGIN","tx_id":"12ac4652-8c6a-4684-aa51-260b8ddf2d70","ts":"2026-04-05T12:20:37.278335+00:00"}
{"type":"ROLLBACK","tx_id":"12ac4652-8c6a-4684-aa51-260b8ddf2d70","ts":"2026-04-05T12:20:37.278995+00:00"}
{"type":"BEGIN","tx_id":"7c58b00a-8ca9-48d6-a9a7-8e13fadc6dea","ts":"2026-04-05T12:20:37.279560+00:00"}
{"type":"ROLLBACK","tx_id":"7c58b00a-8ca9-48d6-a9a7-8e13fadc6dea","ts":"2026-04-05T12:20:37.280156+00:00"}
{"type":"BEGIN","tx_id":"0cbfc90d-1229-4d55-88ca-dfbb6d9d3208","ts":"2026-04-05T12:20:37.280775+00:00"}
{"type":"ROLLBACK","tx_id":"0cbfc90d-1229-4d55-88ca-dfbb6d9d3208","ts":"2026-04-05T12:20:37.281480+00:00"}
{"type":"BEGIN","tx_id":"4f80acd2-fd20-4bdf-bb18-ade59b1ecf27","ts":"2026-04-05T12:20:37.282402+00:00"}
{"type":"ROLLBACK","tx_id":"4f80acd2-fd20-4bdf-bb18-ade59b1ecf27","ts":"2026-04-05T12:20:37.283518+00:00"}
{"type":"BEGIN","tx_id":"a3de825a-0898-45a4-9060-5cde1f4f6860","ts":"2026-04-05T12:20:37.284517+00:00"}
{"type":"ROLLBACK","tx_id":"a3de825a-0898-45a4-9060-5cde1f4f6860","ts":"2026-04-05T12:20:37.285210+00:00"}
{"type":"BEGIN","tx_id":"dc5b5711-b959-494a-9d6e-b95dab2cb17a","ts":"2026-04-05T12:20:37.285813+00:00"}
{"type":"ROLLBACK","tx_id":"dc5b5711-b959-494a-9d6e-b95dab2cb17a","ts":"2026-04-05T12:20:37.286371+00:00"}
{"type":"BEGIN","tx_id":"0832f70f-2a04-4208-95cf-c6b36ce03c85","ts":"2026-04-05T12:20:37.286950+00:00"}
{"type":"ROLLBACK","tx_id":"0832f70f-2a04-4208-95cf-c6b36ce03c85","ts":"2026-04-05T12:20:37.287505+00:00"}
{"type":"BEGIN","tx_id":"e6d9f26c-6165-47ab-96a2-532c0b68cef6","ts":"2026-04-05T12:20:37.288064+00:00"}
{"type":"ROLLBACK","tx_id":"e6d9f26c-6165-47ab-96a2-532c0b68cef6","ts":"2026-04-05T12:20:37.288610+00:00"}
{"type":"BEGIN","tx_id":"4b4d981d-fa23-4f94-8f4b-e0bdefa496a4","ts":"2026-04-05T12:20:37.289139+00:00"}
{"type":"ROLLBACK","tx_id":"4b4d981d-fa23-4f94-8f4b-e0bdefa496a4","ts":"2026-04-05T12:20:37.289667+00:00"}
{"type":"BEGIN","tx_id":"8f0ebb27-b374-4fb9-9fda-04487b2b145d","ts":"2026-04-05T12:20:37.290196+00:00"}
{"type":"ROLLBACK","tx_id":"8f0ebb27-b374-4fb9-9fda-04487b2b145d","ts":"2026-04-05T12:20:37.290727+00:00"}
{"type":"BEGIN","tx_id":"033c98e5-5b65-44d1-bb1f-6b85ee2a7ab2","ts":"2026-04-05T12:20:37.291510+00:00"}
{"type":"ROLLBACK","tx_id":"033c98e5-5b65-44d1-bb1f-6b85ee2a7ab2","ts":"2026-04-05T12:20:37.292275+00:00"}
{"type":"BEGIN","tx_id":"8340224c-eb57-46b3-a2d3-2a9961f8de15","ts":"2026-04-05T12:20:37.293258+00:00"}
{"type":"ROLLBACK","tx_id":"8340224c-eb57-46b3-a2d3-2a9961f8de15","ts":"2026-04-05T12:20:37.293852+00:00"}
{"type":"BEGIN","tx_id":"18145014-cfd6-4cc3-84ed-349e2511be45","ts":"2026-04-05T12:20:37.295171+00:00"}
{"type":"ROLLBACK","tx_id":"18145014-cfd6-4cc3-84ed-349e2511be45","ts":"2026-04-05T12:20:37.295845+00:00"}
{"type":"BEGIN","tx_id":"bf1846b4-379b-4c59-a480-3c367e4b1f8b","ts":"2026-04-05T12:20:37.296504+00:00"}
{"type":"ROLLBACK","tx_id":"bf1846b4-379b-4c59-a480-3c367e4b1f8b","ts":"2026-04-05T12:20:37.297054+00:00"}
{"type":"BEGIN","tx_id":"68dd4628-c721-475f-81e0-a05a872001c6","ts":"2026-04-05T12:20:37.297734+00:00"}
{"type":"ROLLBACK","tx_id":"68dd4628-c721-475f-81e0-a05a872001c6","ts":"2026-04-05T12:20:37.298844+00:00"}
{"type":"BEGIN","tx_id":"28cbbcbc-8e80-4203-b27b-6be8296cb24a","ts":"2026-04-05T12:20:37.300579+00:00"}
{"type":"ROLLBACK","tx_id":"28cbbcbc-8e80-4203-b27b-6be8296cb24a","ts":"2026-04-05T12:20:37.301781+00:00"}
{"type":"BEGIN","tx_id":"0f41c078-7708-4096-9185-cbd6295c08ed","ts":"2026-04-05T12:20:37.302825+00:00"}
{"type":"ROLLBACK","tx_id":"0f41c078-7708-4096-9185-cbd6295c08ed","ts":"2026-04-05T12:20:37.303379+00:00"}
{"type":"BEGIN","tx_id":"7588fa1a-9913-4dba-9f7e-7995706a989f","ts":"2026-04-05T12:20:37.303923+00:00"}
{"type":"ROLLBACK","tx_id":"7588fa1a-9913-4dba-9f7e-7995706a989f","ts":"2026-04-05T12:20:37.304454+00:00"}
{"type":"BEGIN","tx_id":"d566701e-9314-4666-bbeb-e74f1709c231","ts":"2026-04-05T12:20:37.305010+00:00"}
{"type":"ROLLBACK","tx_id":"d566701e-9314-4666-bbeb-e74f1709c231","ts":"2026-04-05T12:20:37.305592+00:00"}
{"type":"BEGIN","tx_id":"4515d3c7-7e95-47d8-ba45-84a0e1f2cfa7","ts":"2026-04-05T12:20:37.306168+00:00"}
{"type":"ROLLBACK","tx_id":"4515d3c7-7e95-47d8-ba45-84a0e1f2cfa7","ts":"2026-04-05T12:20:37.306918+00:00"}
{"type":"BEGIN","tx_id":"ee254d48-ebb2-4117-8b8d-44a9af2aa2e5","ts":"2026-04-05T12:20:37.307771+00:00"}
{"type":"ROLLBACK","tx_id":"ee254d48-ebb2-4117-8b8d-44a9af2aa2e5","ts":"2026-04-05T12:20:37.308537+00:00"}
{"type":"BEGIN","tx_id":"1d20a5b5-473f-43da-b97d-8acb61fff53f","ts":"2026-04-05T12:20:37.309208+00:00"}
{"type":"ROLLBACK","tx_id":"1d20a5b5-473f-43da-b97d-8acb61fff53f","ts":"2026-04-05T12:20:37.309791+00:00"}
{"type":"BEGIN","tx_id":"0cc00d98-b50e-4b6d-9f93-47755ec2d53c","ts":"2026-04-05T12:20:37.310440+00:00"}
{"type":"ROLLBACK","tx_id":"0cc00d98-b50e-4b6d-9f93-47755ec2d53c","ts":"2026-04-05T12:20:37.310970+00:00"}
{"type":"BEGIN","tx_id":"f62ecc48-0238-4d08-b7f9-af03f72ff246","ts":"2026-04-05T12:20:37.311522+00:00"}
{"type":"ROLLBACK","tx_id":"f62ecc48-0238-4d08-b7f9-af03f72ff246","ts":"2026-04-05T12:20:37.312067+00:00"}
{"type":"BEGIN","tx_id":"cd124b4b-b24d-48e9-af4b-399589f8b9c2","ts":"2026-04-05T12:20:37.312644+00:00"}
{"type":"ROLLBACK","tx_id":"cd124b4b-b24d-48e9-af4b-399589f8b9c2","ts":"2026-04-05T12:20:37.313188+00:00"}
{"type":"BEGIN","tx_id":"0798194b-e58c-4544-b1b3-491372c9892b","ts":"2026-04-05T12:20:37.313715+00:00"}
{"type":"ROLLBACK","tx_id":"0798194b-e58c-4544-b1b3-491372c9892b","ts":"2026-04-05T12:20:37.314266+00:00"}
{"type":"BEGIN","tx_id":"893d4553-77f1-4795-94e1-d440f5d00be3","ts":"2026-04-05T12:20:37.315130+00:00"}
{"type":"ROLLBACK","tx_id":"893d4553-77f1-4795-94e1-d440f5d00be3","ts":"2026-04-05T12:20:37.316012+00:00"}
{"type":"BEGIN","tx_id":"c264d2c3-ce3b-480c-8e1b-a9835e40493e","ts":"2026-04-05T12:20:37.316917+00:00"}
{"type":"ROLLBACK","tx_id":"c264d2c3-ce3b-480c-8e1b-a9835e40493e","ts":"2026-04-05T12:20:37.317490+00:00"}
{"type":"BEGIN","tx_id":"b55fed2c-75fc-4413-95c6-43b3bf8552a1","ts":"2026-04-05T12:20:37.318067+00:00"}
{"type":"ROLLBACK","tx_id":"b55fed2c-75fc-4413-95c6-43b3bf8552a1","ts":"2026-04-05T12:20:37.318684+00:00"}
{"type":"BEGIN","tx_id":"37e2d41a-9f70-4d83-9331-dff87bb88334","ts":"2026-04-05T12:20:37.319249+00:00"}
{"type":"ROLLBACK","tx_id":"37e2d41a-9f70-4d83-9331-dff87bb88334","ts":"2026-04-05T12:20:37.319812+00:00"}
{"type":"BEGIN","tx_id":"b515998b-da87-48c2-b08d-9b6d44b2fc74","ts":"2026-04-05T12:20:37.320379+00:00"}
{"type":"ROLLBACK","tx_id":"b515998b-da87-48c2-b08d-9b6d44b2fc74","ts":"2026-04-05T12:20:37.320911+00:00"}
{"type":"BEGIN","tx_id":"9cce0c4f-f3e1-471f-8d3e-2464352c0498","ts":"2026-04-05T12:20:37.321465+00:00"}
{"type":"ROLLBACK","tx_id":"9cce0c4f-f3e1-471f-8d3e-2464352c0498","ts":"2026-04-05T12:20:37.322063+00:00"}
{"type":"BEGIN","tx_id":"c72f2975-1407-45fa-b19e-f8f66ff2f78e","ts":"2026-04-05T12:20:37.322625+00:00"}
{"type":"ROLLBACK","tx_id":"c72f2975-1407-45fa-b19e-f8f66ff2f78e","ts":"2026-04-05T12:20:37.323132+00:00"}
{"type":"BEGIN","tx_id":"bc1e96ed-99e2-467f-a37b-a9d707607459","ts":"2026-04-05T12:20:37.323700+00:00"}
{"type":"ROLLBACK","tx_id":"bc1e96ed-99e2-467f-a37b-a9d707607459","ts":"2026-04-05T12:20:37.324222+00:00"}
{"type":"BEGIN","tx_id":"c39502db-cff0-4261-9b95-7c1fc4ded141","ts":"2026-04-05T12:20:37.324777+00:00"}
{"type":"ROLLBACK","tx_id":"c39502db-cff0-4261-9b95-7c1fc4ded141","ts":"2026-04-05T12:20:37.325370+00:00"}
{"type":"BEGIN","tx_id":"0d270eb1-3edf-48a1-aa9a-e06fd337e614","ts":"2026-04-05T12:20:37.325906+00:00"}
{"type":"ROLLBACK","tx_id":"0d270eb1-3edf-48a1-aa9a-e06fd337e614","ts":"2026-04-05T12:20:37.326625+00:00"}
{"type":"BEGIN","tx_id":"d9885cac-ce73-4079-9341-88725ff6bf71","ts":"2026-04-05T12:20:37.327174+00:00"}
{"type":"ROLLBACK","tx_id":"d9885cac-ce73-4079-9341-88725ff6bf71","ts":"2026-04-05T12:20:37.327673+00:00"}
{"type":"BEGIN","tx_id":"2ba206d7-08fd-45a3-aafd-ba9183b62805","ts":"2026-04-05T12:20:37.328264+00:00"}
{"type":"ROLLBACK","tx_id":"2ba206d7-08fd-45a3-aafd-ba9183b62805","ts":"2026-04-05T12:20:37.328840+00:00"}
{"type":"BEGIN","tx_id":"68a3703a-d10a-4ef9-a389-8047177b5c74","ts":"2026-04-05T12:20:37.329399+00:00"}
{"type":"ROLLBACK","tx_id":"68a3703a-d10a-4ef9-a389-8047177b5c74","ts":"2026-04-05T12:20:37.329968+00:00"}
{"type":"BEGIN","tx_id":"d46ad25c-0fcd-4724-96b4-c55145b244cd","ts":"2026-04-05T12:20:37.330557+00:00"}
{"type":"ROLLBACK","tx_id":"d46ad25c-0fcd-4724-96b4-c55145b244cd","ts":"2026-04-05T12:20:37.331092+00:00"}
{"type":"BEGIN","tx_id":"d4732ff4-6da1-49e2-a47c-5fcfa5b0b34e","ts":"2026-04-05T12:20:37.331894+00:00"}
{"type":"ROLLBACK","tx_id":"d4732ff4-6da1-49e2-a47c-5fcfa5b0b34e","ts":"2026-04-05T12:20:37.332523+00:00"}
{"type":"BEGIN","tx_id":"4320478a-be96-4ba0-a562-895927d73181","ts":"2026-04-05T12:20:37.333063+00:00"}
{"type":"ROLLBACK","tx_id":"4320478a-be96-4ba0-a562-895927d73181","ts":"2026-04-05T12:20:37.333593+00:00"}
{"type":"BEGIN","tx_id":"fa2d92d4-f987-43df-9467-fff3af049a8e","ts":"2026-04-05T12:20:37.334181+00:00"}
{"type":"ROLLBACK","tx_id":"fa2d92d4-f987-43df-9467-fff3af049a8e","ts":"2026-04-05T12:20:37.334749+00:00"}
